{"meta": {"format": 3, "version": "7.10.6", "timestamp": "2025-09-02T15:08:25.281913", "branch_coverage": false, "show_contexts": false}, "files": {"app/__init__.py": {"executed_lines": [1], "summary": {"covered_lines": 0, "num_statements": 0, "percent_covered": 100.0, "percent_covered_display": "100", "missing_lines": 0, "excluded_lines": 0}, "missing_lines": [], "excluded_lines": [], "functions": {"": {"executed_lines": [1], "summary": {"covered_lines": 0, "num_statements": 0, "percent_covered": 100.0, "percent_covered_display": "100", "missing_lines": 0, "excluded_lines": 0}, "missing_lines": [], "excluded_lines": []}}, "classes": {"": {"executed_lines": [1], "summary": {"covered_lines": 0, "num_statements": 0, "percent_covered": 100.0, "percent_covered_display": "100", "missing_lines": 0, "excluded_lines": 0}, "missing_lines": [], "excluded_lines": []}}}, "app/api/__init__.py": {"executed_lines": [1], "summary": {"covered_lines": 0, "num_statements": 0, "percent_covered": 100.0, "percent_covered_display": "100", "missing_lines": 0, "excluded_lines": 0}, "missing_lines": [], "excluded_lines": [], "functions": {"": {"executed_lines": [], "summary": {"covered_lines": 0, "num_statements": 0, "percent_covered": 100.0, "percent_covered_display": "100", "missing_lines": 0, "excluded_lines": 0}, "missing_lines": [], "excluded_lines": []}}, "classes": {"": {"executed_lines": [], "summary": {"covered_lines": 0, "num_statements": 0, "percent_covered": 100.0, "percent_covered_display": "100", "missing_lines": 0, "excluded_lines": 0}, "missing_lines": [], "excluded_lines": []}}}, "app/api/v1/__init__.py": {"executed_lines": [1, 2, 3, 4, 6, 7, 8, 9], "summary": {"covered_lines": 8, "num_statements": 8, "percent_covered": 100.0, "percent_covered_display": "100", "missing_lines": 0, "excluded_lines": 0}, "missing_lines": [], "excluded_lines": [], "functions": {"": {"executed_lines": [1, 2, 3, 4, 6, 7, 8, 9], "summary": {"covered_lines": 8, "num_statements": 8, "percent_covered": 100.0, "percent_covered_display": "100", "missing_lines": 0, "excluded_lines": 0}, "missing_lines": [], "excluded_lines": []}}, "classes": {"": {"executed_lines": [1, 2, 3, 4, 6, 7, 8, 9], "summary": {"covered_lines": 8, "num_statements": 8, "percent_covered": 100.0, "percent_covered_display": "100", "missing_lines": 0, "excluded_lines": 0}, "missing_lines": [], "excluded_lines": []}}}, "app/api/v1/api.py": {"executed_lines": [1, 6, 7, 8, 11, 14, 20, 26, 32], "summary": {"covered_lines": 8, "num_statements": 8, "percent_covered": 100.0, "percent_covered_display": "100", "missing_lines": 0, "excluded_lines": 0}, "missing_lines": [], "excluded_lines": [], "functions": {"": {"executed_lines": [1, 6, 7, 8, 11, 14, 20, 26, 32], "summary": {"covered_lines": 8, "num_statements": 8, "percent_covered": 100.0, "percent_covered_display": "100", "missing_lines": 0, "excluded_lines": 0}, "missing_lines": [], "excluded_lines": []}}, "classes": {"": {"executed_lines": [1, 6, 7, 8, 11, 14, 20, 26, 32], "summary": {"covered_lines": 8, "num_statements": 8, "percent_covered": 100.0, "percent_covered_display": "100", "missing_lines": 0, "excluded_lines": 0}, "missing_lines": [], "excluded_lines": []}}}, "app/api/v1/endpoints/__init__.py": {"executed_lines": [1], "summary": {"covered_lines": 0, "num_statements": 0, "percent_covered": 100.0, "percent_covered_display": "100", "missing_lines": 0, "excluded_lines": 0}, "missing_lines": [], "excluded_lines": [], "functions": {"": {"executed_lines": [], "summary": {"covered_lines": 0, "num_statements": 0, "percent_covered": 100.0, "percent_covered_display": "100", "missing_lines": 0, "excluded_lines": 0}, "missing_lines": [], "excluded_lines": []}}, "classes": {"": {"executed_lines": [], "summary": {"covered_lines": 0, "num_statements": 0, "percent_covered": 100.0, "percent_covered_display": "100", "missing_lines": 0, "excluded_lines": 0}, "missing_lines": [], "excluded_lines": []}}}, "app/api/v1/endpoints/calculator.py": {"executed_lines": [1, 6, 7, 8, 9, 10, 12, 13, 15, 16, 19, 20, 25, 33, 41, 49, 57, 64, 65, 67, 68, 69, 70, 72, 113, 114, 119, 125, 131, 137, 143, 149, 157, 158, 163, 169, 175, 181, 187, 192, 199, 228, 316, 321, 322, 325, 332, 333, 334, 335, 338, 341, 343, 344, 345, 346, 347, 351, 352, 355, 364, 365, 382, 387, 392, 397, 406, 411, 445, 446, 456, 457, 462, 509], "summary": {"covered_lines": 70, "num_statements": 100, "percent_covered": 70.0, "percent_covered_display": "70", "missing_lines": 30, "excluded_lines": 0}, "missing_lines": [326, 349, 367, 369, 370, 371, 372, 389, 399, 413, 414, 415, 416, 417, 420, 422, 423, 424, 425, 426, 427, 429, 431, 432, 434, 441, 442, 448, 459, 516], "excluded_lines": [], "functions": {"CalculatorRequest.validate_compound_frequency": {"executed_lines": [67, 68, 69, 70], "summary": {"covered_lines": 4, "num_statements": 4, "percent_covered": 100.0, "percent_covered_display": "100", "missing_lines": 0, "excluded_lines": 0}, "missing_lines": [], "excluded_lines": []}, "calculate_compound_interest": {"executed_lines": [321, 322, 325, 332, 333, 334, 335, 338, 341, 343, 344, 345, 346, 347, 351, 352, 355, 364, 365], "summary": {"covered_lines": 19, "num_statements": 26, "percent_covered": 73.07692307692308, "percent_covered_display": "73", "missing_lines": 7, "excluded_lines": 0}, "missing_lines": [326, 349, 367, 369, 370, 371, 372], "excluded_lines": []}, "test_endpoint": {"executed_lines": [], "summary": {"covered_lines": 0, "num_statements": 1, "percent_covered": 0.0, "percent_covered_display": "0", "missing_lines": 1, "excluded_lines": 0}, "missing_lines": [389], "excluded_lines": []}, "test_post_endpoint": {"executed_lines": [], "summary": {"covered_lines": 0, "num_statements": 1, "percent_covered": 0.0, "percent_covered_display": "0", "missing_lines": 1, "excluded_lines": 0}, "missing_lines": [399], "excluded_lines": []}, "simple_compound_interest": {"executed_lines": [], "summary": {"covered_lines": 0, "num_statements": 18, "percent_covered": 0.0, "percent_covered_display": "0", "missing_lines": 18, "excluded_lines": 0}, "missing_lines": [413, 414, 415, 416, 417, 420, 422, 423, 424, 425, 426, 427, 429, 431, 432, 434, 441, 442], "excluded_lines": []}, "debug_echo": {"executed_lines": [], "summary": {"covered_lines": 0, "num_statements": 1, "percent_covered": 0.0, "percent_covered_display": "0", "missing_lines": 1, "excluded_lines": 0}, "missing_lines": [448], "excluded_lines": []}, "minimal_test": {"executed_lines": [], "summary": {"covered_lines": 0, "num_statements": 1, "percent_covered": 0.0, "percent_covered_display": "0", "missing_lines": 1, "excluded_lines": 0}, "missing_lines": [459], "excluded_lines": []}, "get_calculation_limits": {"executed_lines": [], "summary": {"covered_lines": 0, "num_statements": 1, "percent_covered": 0.0, "percent_covered_display": "0", "missing_lines": 1, "excluded_lines": 0}, "missing_lines": [516], "excluded_lines": []}, "": {"executed_lines": [1, 6, 7, 8, 9, 10, 12, 13, 15, 16, 19, 20, 25, 33, 41, 49, 57, 64, 65, 72, 113, 114, 119, 125, 131, 137, 143, 149, 157, 158, 163, 169, 175, 181, 187, 192, 199, 228, 316, 382, 387, 392, 397, 406, 411, 445, 446, 456, 457, 462, 509], "summary": {"covered_lines": 47, "num_statements": 47, "percent_covered": 100.0, "percent_covered_display": "100", "missing_lines": 0, "excluded_lines": 0}, "missing_lines": [], "excluded_lines": []}}, "classes": {"CalculatorRequest": {"executed_lines": [67, 68, 69, 70], "summary": {"covered_lines": 4, "num_statements": 4, "percent_covered": 100.0, "percent_covered_display": "100", "missing_lines": 0, "excluded_lines": 0}, "missing_lines": [], "excluded_lines": []}, "YearlyBreakdown": {"executed_lines": [], "summary": {"covered_lines": 0, "num_statements": 0, "percent_covered": 100.0, "percent_covered_display": "100", "missing_lines": 0, "excluded_lines": 0}, "missing_lines": [], "excluded_lines": []}, "CalculatorResponse": {"executed_lines": [], "summary": {"covered_lines": 0, "num_statements": 0, "percent_covered": 100.0, "percent_covered_display": "100", "missing_lines": 0, "excluded_lines": 0}, "missing_lines": [], "excluded_lines": []}, "": {"executed_lines": [1, 6, 7, 8, 9, 10, 12, 13, 15, 16, 19, 20, 25, 33, 41, 49, 57, 64, 65, 72, 113, 114, 119, 125, 131, 137, 143, 149, 157, 158, 163, 169, 175, 181, 187, 192, 199, 228, 316, 321, 322, 325, 332, 333, 334, 335, 338, 341, 343, 344, 345, 346, 347, 351, 352, 355, 364, 365, 382, 387, 392, 397, 406, 411, 445, 446, 456, 457, 462, 509], "summary": {"covered_lines": 66, "num_statements": 96, "percent_covered": 68.75, "percent_covered_display": "69", "missing_lines": 30, "excluded_lines": 0}, "missing_lines": [326, 349, 367, 369, 370, 371, 372, 389, 399, 413, 414, 415, 416, 417, 420, 422, 423, 424, 425, 426, 427, 429, 431, 432, 434, 441, 442, 448, 459, 516], "excluded_lines": []}}}, "app/api/v1/endpoints/health.py": {"executed_lines": [1, 6, 7, 8, 9, 10, 11, 13, 15, 18, 19, 20, 21, 22, 23, 24, 25, 28, 29, 30, 31, 32, 33, 34, 35, 36, 37, 41, 44, 45, 68, 69, 113, 114, 119, 120], "summary": {"covered_lines": 33, "num_statements": 45, "percent_covered": 73.33333333333333, "percent_covered_display": "73", "missing_lines": 12, "excluded_lines": 0}, "missing_lines": [47, 48, 51, 58, 71, 72, 75, 85, 92, 101, 116, 122], "excluded_lines": [], "functions": {"health_check": {"executed_lines": [], "summary": {"covered_lines": 0, "num_statements": 4, "percent_covered": 0.0, "percent_covered_display": "0", "missing_lines": 4, "excluded_lines": 0}, "missing_lines": [47, 48, 51, 58], "excluded_lines": []}, "detailed_health_check": {"executed_lines": [], "summary": {"covered_lines": 0, "num_statements": 6, "percent_covered": 0.0, "percent_covered_display": "0", "missing_lines": 6, "excluded_lines": 0}, "missing_lines": [71, 72, 75, 85, 92, 101], "excluded_lines": []}, "readiness_check": {"executed_lines": [], "summary": {"covered_lines": 0, "num_statements": 1, "percent_covered": 0.0, "percent_covered_display": "0", "missing_lines": 1, "excluded_lines": 0}, "missing_lines": [116], "excluded_lines": []}, "liveness_check": {"executed_lines": [], "summary": {"covered_lines": 0, "num_statements": 1, "percent_covered": 0.0, "percent_covered_display": "0", "missing_lines": 1, "excluded_lines": 0}, "missing_lines": [122], "excluded_lines": []}, "": {"executed_lines": [1, 6, 7, 8, 9, 10, 11, 13, 15, 18, 19, 20, 21, 22, 23, 24, 25, 28, 29, 30, 31, 32, 33, 34, 35, 36, 37, 41, 44, 45, 68, 69, 113, 114, 119, 120], "summary": {"covered_lines": 33, "num_statements": 33, "percent_covered": 100.0, "percent_covered_display": "100", "missing_lines": 0, "excluded_lines": 0}, "missing_lines": [], "excluded_lines": []}}, "classes": {"HealthResponse": {"executed_lines": [], "summary": {"covered_lines": 0, "num_statements": 0, "percent_covered": 100.0, "percent_covered_display": "100", "missing_lines": 0, "excluded_lines": 0}, "missing_lines": [], "excluded_lines": []}, "DetailedHealthResponse": {"executed_lines": [], "summary": {"covered_lines": 0, "num_statements": 0, "percent_covered": 100.0, "percent_covered_display": "100", "missing_lines": 0, "excluded_lines": 0}, "missing_lines": [], "excluded_lines": []}, "": {"executed_lines": [1, 6, 7, 8, 9, 10, 11, 13, 15, 18, 19, 20, 21, 22, 23, 24, 25, 28, 29, 30, 31, 32, 33, 34, 35, 36, 37, 41, 44, 45, 68, 69, 113, 114, 119, 120], "summary": {"covered_lines": 33, "num_statements": 45, "percent_covered": 73.33333333333333, "percent_covered_display": "73", "missing_lines": 12, "excluded_lines": 0}, "missing_lines": [47, 48, 51, 58, 71, 72, 75, 85, 92, 101, 116, 122], "excluded_lines": []}}}, "app/api/v1/endpoints/privacy.py": {"executed_lines": [1, 6, 7, 8, 9, 10, 11, 12, 14, 16, 17, 20, 21, 22, 33, 39, 45, 50, 58, 59, 60, 65, 71, 78, 79, 80, 81, 82, 83, 86, 87, 88, 89, 90, 91, 92, 93, 96, 121, 126, 128, 129, 132, 133, 134, 135, 136, 139, 149, 150, 157, 159, 177, 201, 206, 207, 208, 210, 211, 220, 221, 234, 236, 243, 244, 256, 280, 282, 283, 284, 287, 290, 313, 314, 326, 328, 348, 390, 392, 405, 406, 407, 409, 410, 415, 426, 449, 454, 456, 457, 460, 469, 470, 471, 472, 473, 474, 475, 476, 477, 480, 481, 483, 484, 493, 495, 512, 529, 531], "summary": {"covered_lines": 104, "num_statements": 119, "percent_covered": 87.39495798319328, "percent_covered_display": "87", "missing_lines": 15, "excluded_lines": 0}, "missing_lines": [166, 167, 168, 245, 246, 247, 337, 338, 339, 411, 412, 413, 501, 502, 503], "excluded_lines": [], "functions": {"record_cookie_consent": {"executed_lines": [126, 128, 129, 132, 133, 134, 135, 136, 139, 149, 150, 157, 159], "summary": {"covered_lines": 13, "num_statements": 16, "percent_covered": 81.25, "percent_covered_display": "81", "missing_lines": 3, "excluded_lines": 0}, "missing_lines": [166, 167, 168], "excluded_lines": []}, "delete_user_data": {"executed_lines": [206, 207, 208, 210, 211, 220, 221, 234, 236, 243, 244], "summary": {"covered_lines": 11, "num_statements": 14, "percent_covered": 78.57142857142857, "percent_covered_display": "79", "missing_lines": 3, "excluded_lines": 0}, "missing_lines": [245, 246, 247], "excluded_lines": []}, "export_user_data": {"executed_lines": [282, 283, 284, 287, 290, 313, 314, 326, 328], "summary": {"covered_lines": 9, "num_statements": 12, "percent_covered": 75.0, "percent_covered_display": "75", "missing_lines": 3, "excluded_lines": 0}, "missing_lines": [337, 338, 339], "excluded_lines": []}, "get_compliance_status": {"executed_lines": [392, 405, 406, 407, 409, 410, 415], "summary": {"covered_lines": 7, "num_statements": 10, "percent_covered": 70.0, "percent_covered_display": "70", "missing_lines": 3, "excluded_lines": 0}, "missing_lines": [411, 412, 413], "excluded_lines": []}, "collect_web_vitals": {"executed_lines": [454, 456, 457, 460, 469, 470, 471, 472, 473, 474, 475, 476, 477, 480, 481, 483, 484, 493, 495], "summary": {"covered_lines": 19, "num_statements": 22, "percent_covered": 86.36363636363636, "percent_covered_display": "86", "missing_lines": 3, "excluded_lines": 0}, "missing_lines": [501, 502, 503], "excluded_lines": []}, "get_data_processing_info": {"executed_lines": [531], "summary": {"covered_lines": 1, "num_statements": 1, "percent_covered": 100.0, "percent_covered_display": "100", "missing_lines": 0, "excluded_lines": 0}, "missing_lines": [], "excluded_lines": []}, "": {"executed_lines": [1, 6, 7, 8, 9, 10, 11, 12, 14, 16, 17, 20, 21, 22, 33, 39, 45, 50, 58, 59, 60, 65, 71, 78, 79, 80, 81, 82, 83, 86, 87, 88, 89, 90, 91, 92, 93, 96, 121, 177, 201, 256, 280, 348, 390, 426, 449, 512, 529], "summary": {"covered_lines": 44, "num_statements": 44, "percent_covered": 100.0, "percent_covered_display": "100", "missing_lines": 0, "excluded_lines": 0}, "missing_lines": [], "excluded_lines": []}}, "classes": {"CookieConsentRequest": {"executed_lines": [], "summary": {"covered_lines": 0, "num_statements": 0, "percent_covered": 100.0, "percent_covered_display": "100", "missing_lines": 0, "excluded_lines": 0}, "missing_lines": [], "excluded_lines": []}, "DataDeletionRequest": {"executed_lines": [], "summary": {"covered_lines": 0, "num_statements": 0, "percent_covered": 100.0, "percent_covered_display": "100", "missing_lines": 0, "excluded_lines": 0}, "missing_lines": [], "excluded_lines": []}, "PrivacyResponse": {"executed_lines": [], "summary": {"covered_lines": 0, "num_statements": 0, "percent_covered": 100.0, "percent_covered_display": "100", "missing_lines": 0, "excluded_lines": 0}, "missing_lines": [], "excluded_lines": []}, "DataExportResponse": {"executed_lines": [], "summary": {"covered_lines": 0, "num_statements": 0, "percent_covered": 100.0, "percent_covered_display": "100", "missing_lines": 0, "excluded_lines": 0}, "missing_lines": [], "excluded_lines": []}, "": {"executed_lines": [1, 6, 7, 8, 9, 10, 11, 12, 14, 16, 17, 20, 21, 22, 33, 39, 45, 50, 58, 59, 60, 65, 71, 78, 79, 80, 81, 82, 83, 86, 87, 88, 89, 90, 91, 92, 93, 96, 121, 126, 128, 129, 132, 133, 134, 135, 136, 139, 149, 150, 157, 159, 177, 201, 206, 207, 208, 210, 211, 220, 221, 234, 236, 243, 244, 256, 280, 282, 283, 284, 287, 290, 313, 314, 326, 328, 348, 390, 392, 405, 406, 407, 409, 410, 415, 426, 449, 454, 456, 457, 460, 469, 470, 471, 472, 473, 474, 475, 476, 477, 480, 481, 483, 484, 493, 495, 512, 529, 531], "summary": {"covered_lines": 104, "num_statements": 119, "percent_covered": 87.39495798319328, "percent_covered_display": "87", "missing_lines": 15, "excluded_lines": 0}, "missing_lines": [166, 167, 168, 245, 246, 247, 337, 338, 339, 411, 412, 413, 501, 502, 503], "excluded_lines": []}}}, "app/api/v1/export.py": {"executed_lines": [1, 6, 7, 8, 10, 11, 12, 13, 15, 18, 19, 55, 56, 92, 93, 129, 130, 170, 171, 220, 221], "summary": {"covered_lines": 20, "num_statements": 65, "percent_covered": 30.76923076923077, "percent_covered_display": "31", "missing_lines": 45, "excluded_lines": 0}, "missing_lines": [31, 33, 36, 37, 40, 42, 43, 44, 45, 68, 70, 73, 74, 77, 79, 80, 81, 82, 105, 107, 110, 111, 114, 116, 117, 118, 119, 137, 183, 185, 188, 189, 192, 194, 207, 208, 209, 210, 228, 230, 231, 232, 234, 246, 247], "excluded_lines": [], "functions": {"export_csv": {"executed_lines": [], "summary": {"covered_lines": 0, "num_statements": 9, "percent_covered": 0.0, "percent_covered_display": "0", "missing_lines": 9, "excluded_lines": 0}, "missing_lines": [31, 33, 36, 37, 40, 42, 43, 44, 45], "excluded_lines": []}, "export_excel": {"executed_lines": [], "summary": {"covered_lines": 0, "num_statements": 9, "percent_covered": 0.0, "percent_covered_display": "0", "missing_lines": 9, "excluded_lines": 0}, "missing_lines": [68, 70, 73, 74, 77, 79, 80, 81, 82], "excluded_lines": []}, "export_pdf": {"executed_lines": [], "summary": {"covered_lines": 0, "num_statements": 9, "percent_covered": 0.0, "percent_covered_display": "0", "missing_lines": 9, "excluded_lines": 0}, "missing_lines": [105, 107, 110, 111, 114, 116, 117, 118, 119], "excluded_lines": []}, "get_supported_formats": {"executed_lines": [], "summary": {"covered_lines": 0, "num_statements": 1, "percent_covered": 0.0, "percent_covered_display": "0", "missing_lines": 1, "excluded_lines": 0}, "missing_lines": [137], "excluded_lines": []}, "preview_export_data": {"executed_lines": [], "summary": {"covered_lines": 0, "num_statements": 10, "percent_covered": 0.0, "percent_covered_display": "0", "missing_lines": 10, "excluded_lines": 0}, "missing_lines": [183, 185, 188, 189, 192, 194, 207, 208, 209, 210], "excluded_lines": []}, "export_health_check": {"executed_lines": [], "summary": {"covered_lines": 0, "num_statements": 7, "percent_covered": 0.0, "percent_covered_display": "0", "missing_lines": 7, "excluded_lines": 0}, "missing_lines": [228, 230, 231, 232, 234, 246, 247], "excluded_lines": []}, "": {"executed_lines": [1, 6, 7, 8, 10, 11, 12, 13, 15, 18, 19, 55, 56, 92, 93, 129, 130, 170, 171, 220, 221], "summary": {"covered_lines": 20, "num_statements": 20, "percent_covered": 100.0, "percent_covered_display": "100", "missing_lines": 0, "excluded_lines": 0}, "missing_lines": [], "excluded_lines": []}}, "classes": {"": {"executed_lines": [1, 6, 7, 8, 10, 11, 12, 13, 15, 18, 19, 55, 56, 92, 93, 129, 130, 170, 171, 220, 221], "summary": {"covered_lines": 20, "num_statements": 65, "percent_covered": 30.76923076923077, "percent_covered_display": "31", "missing_lines": 45, "excluded_lines": 0}, "missing_lines": [31, 33, 36, 37, 40, 42, 43, 44, 45, 68, 70, 73, 74, 77, 79, 80, 81, 82, 105, 107, 110, 111, 114, 116, 117, 118, 119, 137, 183, 185, 188, 189, 192, 194, 207, 208, 209, 210, 228, 230, 231, 232, 234, 246, 247], "excluded_lines": []}}}, "app/core/__init__.py": {"executed_lines": [1], "summary": {"covered_lines": 0, "num_statements": 0, "percent_covered": 100.0, "percent_covered_display": "100", "missing_lines": 0, "excluded_lines": 0}, "missing_lines": [], "excluded_lines": [], "functions": {"": {"executed_lines": [], "summary": {"covered_lines": 0, "num_statements": 0, "percent_covered": 100.0, "percent_covered_display": "100", "missing_lines": 0, "excluded_lines": 0}, "missing_lines": [], "excluded_lines": []}}, "classes": {"": {"executed_lines": [], "summary": {"covered_lines": 0, "num_statements": 0, "percent_covered": 100.0, "percent_covered_display": "100", "missing_lines": 0, "excluded_lines": 0}, "missing_lines": [], "excluded_lines": []}}}, "app/core/cache.py": {"executed_lines": [1, 6, 7, 8, 9, 10, 11, 12, 13, 16, 17, 19, 20, 21, 23, 26, 27, 30, 31, 32, 35, 36, 37, 38, 41, 42, 45, 46, 48, 49, 50, 51, 53, 61, 78, 90, 96, 98, 99, 101, 103, 111, 112, 114, 131, 145, 156, 166, 176, 194, 195, 197, 198, 201, 203, 204, 205, 207, 210, 211, 212, 214, 231, 248, 252, 260, 264, 272, 277, 279, 280, 281, 283, 294, 297, 299, 302], "summary": {"covered_lines": 72, "num_statements": 194, "percent_covered": 37.11340206185567, "percent_covered_display": "37", "missing_lines": 122, "excluded_lines": 0}, "missing_lines": [18, 55, 57, 58, 59, 63, 64, 66, 69, 70, 71, 72, 75, 76, 80, 82, 83, 88, 92, 93, 94, 115, 116, 117, 118, 119, 121, 122, 123, 124, 125, 126, 127, 128, 129, 133, 134, 136, 137, 138, 139, 140, 141, 142, 143, 147, 148, 150, 151, 152, 153, 154, 158, 159, 161, 162, 163, 164, 168, 169, 171, 172, 173, 174, 178, 179, 181, 182, 183, 189, 190, 191, 199, 216, 217, 219, 220, 222, 223, 224, 226, 227, 229, 233, 234, 236, 239, 245, 246, 250, 254, 262, 266, 275, 305, 306, 307, 310, 311, 312, 314, 316, 317, 320, 321, 323, 328, 331, 334, 335, 336, 337, 339, 340, 343, 344, 349, 351, 353, 354, 356, 357], "excluded_lines": [], "functions": {"MemoryCache.__init__": {"executed_lines": [49, 50, 51], "summary": {"covered_lines": 3, "num_statements": 3, "percent_covered": 100.0, "percent_covered_display": "100", "missing_lines": 0, "excluded_lines": 0}, "missing_lines": [], "excluded_lines": []}, "MemoryCache._cleanup_if_needed": {"executed_lines": [], "summary": {"covered_lines": 0, "num_statements": 4, "percent_covered": 0.0, "percent_covered_display": "0", "missing_lines": 4, "excluded_lines": 0}, "missing_lines": [55, 57, 58, 59], "excluded_lines": []}, "MemoryCache.get": {"executed_lines": [], "summary": {"covered_lines": 0, "num_statements": 9, "percent_covered": 0.0, "percent_covered_display": "0", "missing_lines": 9, "excluded_lines": 0}, "missing_lines": [63, 64, 66, 69, 70, 71, 72, 75, 76], "excluded_lines": []}, "MemoryCache.set": {"executed_lines": [], "summary": {"covered_lines": 0, "num_statements": 4, "percent_covered": 0.0, "percent_covered_display": "0", "missing_lines": 4, "excluded_lines": 0}, "missing_lines": [80, 82, 83, 88], "excluded_lines": []}, "MemoryCache.delete": {"executed_lines": [], "summary": {"covered_lines": 0, "num_statements": 3, "percent_covered": 0.0, "percent_covered_display": "0", "missing_lines": 3, "excluded_lines": 0}, "missing_lines": [92, 93, 94], "excluded_lines": []}, "MemoryCache.clear": {"executed_lines": [98, 99], "summary": {"covered_lines": 2, "num_statements": 2, "percent_covered": 100.0, "percent_covered_display": "100", "missing_lines": 0, "excluded_lines": 0}, "missing_lines": [], "excluded_lines": []}, "MemoryCache.stats": {"executed_lines": [103], "summary": {"covered_lines": 1, "num_statements": 1, "percent_covered": 100.0, "percent_covered_display": "100", "missing_lines": 0, "excluded_lines": 0}, "missing_lines": [], "excluded_lines": []}, "RedisCache.__init__": {"executed_lines": [], "summary": {"covered_lines": 0, "num_statements": 14, "percent_covered": 0.0, "percent_covered_display": "0", "missing_lines": 14, "excluded_lines": 0}, "missing_lines": [115, 116, 117, 118, 119, 121, 122, 123, 124, 125, 126, 127, 128, 129], "excluded_lines": []}, "RedisCache.get": {"executed_lines": [], "summary": {"covered_lines": 0, "num_statements": 10, "percent_covered": 0.0, "percent_covered_display": "0", "missing_lines": 10, "excluded_lines": 0}, "missing_lines": [133, 134, 136, 137, 138, 139, 140, 141, 142, 143], "excluded_lines": []}, "RedisCache.set": {"executed_lines": [], "summary": {"covered_lines": 0, "num_statements": 7, "percent_covered": 0.0, "percent_covered_display": "0", "missing_lines": 7, "excluded_lines": 0}, "missing_lines": [147, 148, 150, 151, 152, 153, 154], "excluded_lines": []}, "RedisCache.delete": {"executed_lines": [], "summary": {"covered_lines": 0, "num_statements": 6, "percent_covered": 0.0, "percent_covered_display": "0", "missing_lines": 6, "excluded_lines": 0}, "missing_lines": [158, 159, 161, 162, 163, 164], "excluded_lines": []}, "RedisCache.clear": {"executed_lines": [], "summary": {"covered_lines": 0, "num_statements": 6, "percent_covered": 0.0, "percent_covered_display": "0", "missing_lines": 6, "excluded_lines": 0}, "missing_lines": [168, 169, 171, 172, 173, 174], "excluded_lines": []}, "RedisCache.stats": {"executed_lines": [], "summary": {"covered_lines": 0, "num_statements": 8, "percent_covered": 0.0, "percent_covered_display": "0", "missing_lines": 8, "excluded_lines": 0}, "missing_lines": [178, 179, 181, 182, 183, 189, 190, 191], "excluded_lines": []}, "CacheManager.__init__": {"executed_lines": [198, 201, 203, 204, 205], "summary": {"covered_lines": 5, "num_statements": 6, "percent_covered": 83.33333333333333, "percent_covered_display": "83", "missing_lines": 1, "excluded_lines": 0}, "missing_lines": [199], "excluded_lines": []}, "CacheManager.generate_cache_key": {"executed_lines": [210, 211, 212], "summary": {"covered_lines": 3, "num_statements": 3, "percent_covered": 100.0, "percent_covered_display": "100", "missing_lines": 0, "excluded_lines": 0}, "missing_lines": [], "excluded_lines": []}, "CacheManager.get_calculation_cache": {"executed_lines": [], "summary": {"covered_lines": 0, "num_statements": 10, "percent_covered": 0.0, "percent_covered_display": "0", "missing_lines": 10, "excluded_lines": 0}, "missing_lines": [216, 217, 219, 220, 222, 223, 224, 226, 227, 229], "excluded_lines": []}, "CacheManager.set_calculation_cache": {"executed_lines": [], "summary": {"covered_lines": 0, "num_statements": 6, "percent_covered": 0.0, "percent_covered_display": "0", "missing_lines": 6, "excluded_lines": 0}, "missing_lines": [233, 234, 236, 239, 245, 246], "excluded_lines": []}, "CacheManager.get_limits_cache": {"executed_lines": [], "summary": {"covered_lines": 0, "num_statements": 1, "percent_covered": 0.0, "percent_covered_display": "0", "missing_lines": 1, "excluded_lines": 0}, "missing_lines": [250], "excluded_lines": []}, "CacheManager.set_limits_cache": {"executed_lines": [], "summary": {"covered_lines": 0, "num_statements": 1, "percent_covered": 0.0, "percent_covered_display": "0", "missing_lines": 1, "excluded_lines": 0}, "missing_lines": [254], "excluded_lines": []}, "CacheManager.get_health_cache": {"executed_lines": [], "summary": {"covered_lines": 0, "num_statements": 1, "percent_covered": 0.0, "percent_covered_display": "0", "missing_lines": 1, "excluded_lines": 0}, "missing_lines": [262], "excluded_lines": []}, "CacheManager.set_health_cache": {"executed_lines": [], "summary": {"covered_lines": 0, "num_statements": 1, "percent_covered": 0.0, "percent_covered_display": "0", "missing_lines": 1, "excluded_lines": 0}, "missing_lines": [266], "excluded_lines": []}, "CacheManager.invalidate_pattern": {"executed_lines": [], "summary": {"covered_lines": 0, "num_statements": 1, "percent_covered": 0.0, "percent_covered_display": "0", "missing_lines": 1, "excluded_lines": 0}, "missing_lines": [275], "excluded_lines": []}, "CacheManager.get_stats": {"executed_lines": [279, 280, 281, 283], "summary": {"covered_lines": 4, "num_statements": 4, "percent_covered": 100.0, "percent_covered_display": "100", "missing_lines": 0, "excluded_lines": 0}, "missing_lines": [], "excluded_lines": []}, "get_cache_manager": {"executed_lines": [299], "summary": {"covered_lines": 1, "num_statements": 1, "percent_covered": 100.0, "percent_covered_display": "100", "missing_lines": 0, "excluded_lines": 0}, "missing_lines": [], "excluded_lines": []}, "cache_response_middleware": {"executed_lines": [], "summary": {"covered_lines": 0, "num_statements": 28, "percent_covered": 0.0, "percent_covered_display": "0", "missing_lines": 28, "excluded_lines": 0}, "missing_lines": [305, 306, 307, 310, 311, 312, 314, 316, 317, 320, 321, 323, 328, 331, 334, 335, 336, 337, 339, 340, 343, 344, 349, 351, 353, 354, 356, 357], "excluded_lines": []}, "": {"executed_lines": [1, 6, 7, 8, 9, 10, 11, 12, 13, 16, 17, 19, 20, 21, 23, 26, 27, 30, 31, 32, 35, 36, 37, 38, 41, 42, 45, 46, 48, 53, 61, 78, 90, 96, 101, 111, 112, 114, 131, 145, 156, 166, 176, 194, 195, 197, 207, 214, 231, 248, 252, 260, 264, 272, 277, 294, 297, 302], "summary": {"covered_lines": 53, "num_statements": 54, "percent_covered": 98.14814814814815, "percent_covered_display": "98", "missing_lines": 1, "excluded_lines": 0}, "missing_lines": [18], "excluded_lines": []}}, "classes": {"CacheConfig": {"executed_lines": [], "summary": {"covered_lines": 0, "num_statements": 0, "percent_covered": 100.0, "percent_covered_display": "100", "missing_lines": 0, "excluded_lines": 0}, "missing_lines": [], "excluded_lines": []}, "MemoryCache": {"executed_lines": [49, 50, 51, 98, 99, 103], "summary": {"covered_lines": 6, "num_statements": 26, "percent_covered": 23.076923076923077, "percent_covered_display": "23", "missing_lines": 20, "excluded_lines": 0}, "missing_lines": [55, 57, 58, 59, 63, 64, 66, 69, 70, 71, 72, 75, 76, 80, 82, 83, 88, 92, 93, 94], "excluded_lines": []}, "RedisCache": {"executed_lines": [], "summary": {"covered_lines": 0, "num_statements": 51, "percent_covered": 0.0, "percent_covered_display": "0", "missing_lines": 51, "excluded_lines": 0}, "missing_lines": [115, 116, 117, 118, 119, 121, 122, 123, 124, 125, 126, 127, 128, 129, 133, 134, 136, 137, 138, 139, 140, 141, 142, 143, 147, 148, 150, 151, 152, 153, 154, 158, 159, 161, 162, 163, 164, 168, 169, 171, 172, 173, 174, 178, 179, 181, 182, 183, 189, 190, 191], "excluded_lines": []}, "CacheManager": {"executed_lines": [198, 201, 203, 204, 205, 210, 211, 212, 279, 280, 281, 283], "summary": {"covered_lines": 12, "num_statements": 34, "percent_covered": 35.294117647058826, "percent_covered_display": "35", "missing_lines": 22, "excluded_lines": 0}, "missing_lines": [199, 216, 217, 219, 220, 222, 223, 224, 226, 227, 229, 233, 234, 236, 239, 245, 246, 250, 254, 262, 266, 275], "excluded_lines": []}, "": {"executed_lines": [1, 6, 7, 8, 9, 10, 11, 12, 13, 16, 17, 19, 20, 21, 23, 26, 27, 30, 31, 32, 35, 36, 37, 38, 41, 42, 45, 46, 48, 53, 61, 78, 90, 96, 101, 111, 112, 114, 131, 145, 156, 166, 176, 194, 195, 197, 207, 214, 231, 248, 252, 260, 264, 272, 277, 294, 297, 299, 302], "summary": {"covered_lines": 54, "num_statements": 83, "percent_covered": 65.06024096385542, "percent_covered_display": "65", "missing_lines": 29, "excluded_lines": 0}, "missing_lines": [18, 305, 306, 307, 310, 311, 312, 314, 316, 317, 320, 321, 323, 328, 331, 334, 335, 336, 337, 339, 340, 343, 344, 349, 351, 353, 354, 356, 357], "excluded_lines": []}}}, "app/core/config.py": {"executed_lines": [1, 6, 7, 8, 9, 12, 13, 16, 17, 18, 19, 22, 23, 26, 36, 42, 45, 46, 47, 48, 51, 54, 55, 58, 59, 65, 66, 67, 68, 70, 71, 73, 75, 77, 78, 80, 82, 84, 85, 87, 88, 90, 92, 93, 95, 96, 98, 100, 101, 102, 103, 107, 110, 112], "summary": {"covered_lines": 52, "num_statements": 56, "percent_covered": 92.85714285714286, "percent_covered_display": "93", "missing_lines": 4, "excluded_lines": 0}, "missing_lines": [74, 81, 89, 97], "excluded_lines": [], "functions": {"Settings.parse_cors_origins": {"executed_lines": [73, 75], "summary": {"covered_lines": 2, "num_statements": 3, "percent_covered": 66.66666666666667, "percent_covered_display": "67", "missing_lines": 1, "excluded_lines": 0}, "missing_lines": [74], "excluded_lines": []}, "Settings.parse_allowed_hosts": {"executed_lines": [80, 82], "summary": {"covered_lines": 2, "num_statements": 3, "percent_covered": 66.66666666666667, "percent_covered_display": "67", "missing_lines": 1, "excluded_lines": 0}, "missing_lines": [81], "excluded_lines": []}, "Settings.validate_environment": {"executed_lines": [87, 88, 90], "summary": {"covered_lines": 3, "num_statements": 4, "percent_covered": 75.0, "percent_covered_display": "75", "missing_lines": 1, "excluded_lines": 0}, "missing_lines": [89], "excluded_lines": []}, "Settings.validate_log_level": {"executed_lines": [95, 96, 98], "summary": {"covered_lines": 3, "num_statements": 4, "percent_covered": 75.0, "percent_covered_display": "75", "missing_lines": 1, "excluded_lines": 0}, "missing_lines": [97], "excluded_lines": []}, "get_settings": {"executed_lines": [112], "summary": {"covered_lines": 1, "num_statements": 1, "percent_covered": 100.0, "percent_covered_display": "100", "missing_lines": 0, "excluded_lines": 0}, "missing_lines": [], "excluded_lines": []}, "": {"executed_lines": [1, 6, 7, 8, 9, 12, 13, 16, 17, 18, 19, 22, 23, 26, 36, 42, 45, 46, 47, 48, 51, 54, 55, 58, 59, 65, 66, 67, 68, 70, 71, 77, 78, 84, 85, 92, 93, 100, 101, 102, 103, 107, 110], "summary": {"covered_lines": 41, "num_statements": 41, "percent_covered": 100.0, "percent_covered_display": "100", "missing_lines": 0, "excluded_lines": 0}, "missing_lines": [], "excluded_lines": []}}, "classes": {"Settings": {"executed_lines": [73, 75, 80, 82, 87, 88, 90, 95, 96, 98], "summary": {"covered_lines": 10, "num_statements": 14, "percent_covered": 71.42857142857143, "percent_covered_display": "71", "missing_lines": 4, "excluded_lines": 0}, "missing_lines": [74, 81, 89, 97], "excluded_lines": []}, "Settings.Config": {"executed_lines": [], "summary": {"covered_lines": 0, "num_statements": 0, "percent_covered": 100.0, "percent_covered_display": "100", "missing_lines": 0, "excluded_lines": 0}, "missing_lines": [], "excluded_lines": []}, "": {"executed_lines": [1, 6, 7, 8, 9, 12, 13, 16, 17, 18, 19, 22, 23, 26, 36, 42, 45, 46, 47, 48, 51, 54, 55, 58, 59, 65, 66, 67, 68, 70, 71, 77, 78, 84, 85, 92, 93, 100, 101, 102, 103, 107, 110, 112], "summary": {"covered_lines": 42, "num_statements": 42, "percent_covered": 100.0, "percent_covered_display": "100", "missing_lines": 0, "excluded_lines": 0}, "missing_lines": [], "excluded_lines": []}}}, "app/core/docs_config.py": {"executed_lines": [1, 6, 9, 91, 125, 151], "summary": {"covered_lines": 5, "num_statements": 27, "percent_covered": 18.51851851851852, "percent_covered_display": "19", "missing_lines": 22, "excluded_lines": 0}, "missing_lines": [11, 93, 127, 134, 135, 142, 143, 148, 153, 154, 156, 159, 160, 161, 162, 163, 165, 166, 169, 179, 219, 220], "excluded_lines": [], "functions": {"get_openapi_config": {"executed_lines": [], "summary": {"covered_lines": 0, "num_statements": 1, "percent_covered": 0.0, "percent_covered_display": "0", "missing_lines": 1, "excluded_lines": 0}, "missing_lines": [11], "excluded_lines": []}, "get_openapi_tags": {"executed_lines": [], "summary": {"covered_lines": 0, "num_statements": 1, "percent_covered": 0.0, "percent_covered_display": "0", "missing_lines": 1, "excluded_lines": 0}, "missing_lines": [93], "excluded_lines": []}, "get_servers_config": {"executed_lines": [], "summary": {"covered_lines": 0, "num_statements": 6, "percent_covered": 0.0, "percent_covered_display": "0", "missing_lines": 6, "excluded_lines": 0}, "missing_lines": [127, 134, 135, 142, 143, 148], "excluded_lines": []}, "customize_openapi_schema": {"executed_lines": [], "summary": {"covered_lines": 0, "num_statements": 14, "percent_covered": 0.0, "percent_covered_display": "0", "missing_lines": 14, "excluded_lines": 0}, "missing_lines": [153, 154, 156, 159, 160, 161, 162, 163, 165, 166, 169, 179, 219, 220], "excluded_lines": []}, "": {"executed_lines": [1, 6, 9, 91, 125, 151], "summary": {"covered_lines": 5, "num_statements": 5, "percent_covered": 100.0, "percent_covered_display": "100", "missing_lines": 0, "excluded_lines": 0}, "missing_lines": [], "excluded_lines": []}}, "classes": {"": {"executed_lines": [1, 6, 9, 91, 125, 151], "summary": {"covered_lines": 5, "num_statements": 27, "percent_covered": 18.51851851851852, "percent_covered_display": "19", "missing_lines": 22, "excluded_lines": 0}, "missing_lines": [11, 93, 127, 134, 135, 142, 143, 148, 153, 154, 156, 159, 160, 161, 162, 163, 165, 166, 169, 179, 219, 220], "excluded_lines": []}}}, "app/core/error_handlers.py": {"executed_lines": [1, 6, 7, 8, 9, 10, 11, 13, 15, 18, 19, 21, 29, 30, 31, 32, 33, 35, 36, 41, 42, 43, 46, 54, 55, 61, 63, 66, 67, 68, 69, 72, 74, 80, 89, 109, 121, 125, 133, 136, 149, 150, 152, 154, 155, 157, 159, 160, 162, 164, 165, 167, 169, 170, 173, 177, 178, 181, 182, 183, 184, 187, 188, 189, 192, 193, 194, 197, 198, 202, 203, 205, 206, 207, 208, 209, 210, 211], "summary": {"covered_lines": 74, "num_statements": 88, "percent_covered": 84.0909090909091, "percent_covered_display": "84", "missing_lines": 14, "excluded_lines": 0}, "missing_lines": [91, 94, 95, 101, 111, 113, 151, 153, 156, 158, 161, 163, 166, 168], "excluded_lines": [], "functions": {"ErrorResponse.__init__": {"executed_lines": [29, 30, 31, 32, 33], "summary": {"covered_lines": 5, "num_statements": 5, "percent_covered": 100.0, "percent_covered_display": "100", "missing_lines": 0, "excluded_lines": 0}, "missing_lines": [], "excluded_lines": []}, "ErrorResponse.to_dict": {"executed_lines": [36, 41, 42, 43], "summary": {"covered_lines": 4, "num_statements": 4, "percent_covered": 100.0, "percent_covered_display": "100", "missing_lines": 0, "excluded_lines": 0}, "missing_lines": [], "excluded_lines": []}, "create_error_response": {"executed_lines": [54, 55], "summary": {"covered_lines": 2, "num_statements": 2, "percent_covered": 100.0, "percent_covered_display": "100", "missing_lines": 0, "excluded_lines": 0}, "missing_lines": [], "excluded_lines": []}, "validation_exception_handler": {"executed_lines": [63, 66, 67, 68, 69, 72, 74, 80], "summary": {"covered_lines": 8, "num_statements": 8, "percent_covered": 100.0, "percent_covered_display": "100", "missing_lines": 0, "excluded_lines": 0}, "missing_lines": [], "excluded_lines": []}, "http_exception_handler": {"executed_lines": [], "summary": {"covered_lines": 0, "num_statements": 4, "percent_covered": 0.0, "percent_covered_display": "0", "missing_lines": 4, "excluded_lines": 0}, "missing_lines": [91, 94, 95, 101], "excluded_lines": []}, "general_exception_handler": {"executed_lines": [], "summary": {"covered_lines": 0, "num_statements": 2, "percent_covered": 0.0, "percent_covered_display": "0", "missing_lines": 2, "excluded_lines": 0}, "missing_lines": [111, 113], "excluded_lines": []}, "get_german_validation_message": {"executed_lines": [125, 133, 136, 149, 150, 152, 154, 155, 157, 159, 160, 162, 164, 165, 167, 169, 170, 173], "summary": {"covered_lines": 18, "num_statements": 26, "percent_covered": 69.23076923076923, "percent_covered_display": "69", "missing_lines": 8, "excluded_lines": 0}, "missing_lines": [151, 153, 156, 158, 161, 163, 166, 168], "excluded_lines": []}, "": {"executed_lines": [1, 6, 7, 8, 9, 10, 11, 13, 15, 18, 19, 21, 35, 46, 61, 89, 109, 121, 177, 178, 181, 182, 183, 184, 187, 188, 189, 192, 193, 194, 197, 198, 202, 203, 205, 206, 207, 208, 209, 210, 211], "summary": {"covered_lines": 37, "num_statements": 37, "percent_covered": 100.0, "percent_covered_display": "100", "missing_lines": 0, "excluded_lines": 0}, "missing_lines": [], "excluded_lines": []}}, "classes": {"ErrorResponse": {"executed_lines": [29, 30, 31, 32, 33, 36, 41, 42, 43], "summary": {"covered_lines": 9, "num_statements": 9, "percent_covered": 100.0, "percent_covered_display": "100", "missing_lines": 0, "excluded_lines": 0}, "missing_lines": [], "excluded_lines": []}, "ErrorCodes": {"executed_lines": [], "summary": {"covered_lines": 0, "num_statements": 0, "percent_covered": 100.0, "percent_covered_display": "100", "missing_lines": 0, "excluded_lines": 0}, "missing_lines": [], "excluded_lines": []}, "GermanErrorMessages": {"executed_lines": [], "summary": {"covered_lines": 0, "num_statements": 0, "percent_covered": 100.0, "percent_covered_display": "100", "missing_lines": 0, "excluded_lines": 0}, "missing_lines": [], "excluded_lines": []}, "": {"executed_lines": [1, 6, 7, 8, 9, 10, 11, 13, 15, 18, 19, 21, 35, 46, 54, 55, 61, 63, 66, 67, 68, 69, 72, 74, 80, 89, 109, 121, 125, 133, 136, 149, 150, 152, 154, 155, 157, 159, 160, 162, 164, 165, 167, 169, 170, 173, 177, 178, 181, 182, 183, 184, 187, 188, 189, 192, 193, 194, 197, 198, 202, 203, 205, 206, 207, 208, 209, 210, 211], "summary": {"covered_lines": 65, "num_statements": 79, "percent_covered": 82.27848101265823, "percent_covered_display": "82", "missing_lines": 14, "excluded_lines": 0}, "missing_lines": [91, 94, 95, 101, 111, 113, 151, 153, 156, 158, 161, 163, 166, 168], "excluded_lines": []}}}, "app/core/logging.py": {"executed_lines": [1, 6, 7, 8, 9, 10, 13, 14, 16, 24, 32, 113, 115, 119], "summary": {"covered_lines": 12, "num_statements": 21, "percent_covered": 57.142857142857146, "percent_covered_display": "57", "missing_lines": 9, "excluded_lines": 0}, "missing_lines": [26, 27, 29, 35, 102, 103, 106, 109, 110], "excluded_lines": [], "functions": {"GermanFormatter.format": {"executed_lines": [], "summary": {"covered_lines": 0, "num_statements": 3, "percent_covered": 0.0, "percent_covered_display": "0", "missing_lines": 3, "excluded_lines": 0}, "missing_lines": [26, 27, 29], "excluded_lines": []}, "setup_logging": {"executed_lines": [], "summary": {"covered_lines": 0, "num_statements": 6, "percent_covered": 0.0, "percent_covered_display": "0", "missing_lines": 6, "excluded_lines": 0}, "missing_lines": [35, 102, 103, 106, 109, 110], "excluded_lines": []}, "get_logger": {"executed_lines": [115], "summary": {"covered_lines": 1, "num_statements": 1, "percent_covered": 100.0, "percent_covered_display": "100", "missing_lines": 0, "excluded_lines": 0}, "missing_lines": [], "excluded_lines": []}, "": {"executed_lines": [1, 6, 7, 8, 9, 10, 13, 14, 16, 24, 32, 113, 119], "summary": {"covered_lines": 11, "num_statements": 11, "percent_covered": 100.0, "percent_covered_display": "100", "missing_lines": 0, "excluded_lines": 0}, "missing_lines": [], "excluded_lines": []}}, "classes": {"GermanFormatter": {"executed_lines": [], "summary": {"covered_lines": 0, "num_statements": 3, "percent_covered": 0.0, "percent_covered_display": "0", "missing_lines": 3, "excluded_lines": 0}, "missing_lines": [26, 27, 29], "excluded_lines": []}, "": {"executed_lines": [1, 6, 7, 8, 9, 10, 13, 14, 16, 24, 32, 113, 115, 119], "summary": {"covered_lines": 12, "num_statements": 18, "percent_covered": 66.66666666666667, "percent_covered_display": "67", "missing_lines": 6, "excluded_lines": 0}, "missing_lines": [35, 102, 103, 106, 109, 110], "excluded_lines": []}}}, "app/core/monitoring.py": {"executed_lines": [1, 6, 7, 8, 9, 10, 11, 12, 13, 14, 15, 17, 20, 21, 22, 23, 24, 25, 28, 29, 30, 31, 32, 33, 36, 37, 38, 39, 40, 41, 42, 43, 44, 46, 54, 55, 56, 57, 58, 59, 60, 61, 63, 70, 71, 72, 73, 74, 75, 76, 77, 78, 79, 80, 81, 82, 84, 93, 94, 96, 97, 98, 100, 102, 103, 105, 107, 116, 117, 118, 119, 121, 125, 134, 135, 136, 138, 146, 148, 150, 151, 152, 153, 155, 157, 159, 160, 162, 164, 166, 167, 174, 175, 177, 178, 179, 180, 182, 184, 192, 195, 196, 198, 200, 202, 204, 205, 208, 209, 210, 213, 214, 215, 218, 219, 220, 225, 227, 229, 234, 235, 240, 242, 244, 246, 247, 249, 251, 260, 261, 263, 264, 265, 266, 267, 269, 280, 291, 292, 294, 296, 297, 299, 301, 302, 305, 307, 309, 310, 311, 314, 316, 317, 320, 321, 324, 325, 326, 327, 329, 332, 334, 335, 337, 348, 349, 352, 354, 358, 359, 360, 361, 363, 365, 367, 369, 370, 371, 372, 376, 378, 380, 382, 383, 389, 390, 392, 393, 394, 395, 396, 397, 400, 403, 406, 408, 411, 413, 415, 416, 434, 443, 465, 501, 541, 542, 543, 544, 546, 550, 560, 570, 580, 589, 598, 601, 603, 605, 608, 611, 617, 618, 619, 621, 623, 626, 627, 628, 630, 632, 633, 634, 635, 636, 637, 638, 639, 641, 643, 644, 646, 649, 658, 662, 664, 665, 667, 682, 685, 687], "summary": {"covered_lines": 240, "num_statements": 304, "percent_covered": 78.94736842105263, "percent_covered_display": "79", "missing_lines": 64, "excluded_lines": 0}, "missing_lines": [47, 64, 85, 108, 122, 123, 165, 168, 169, 171, 222, 223, 303, 328, 330, 373, 374, 418, 419, 427, 435, 446, 448, 449, 456, 457, 467, 468, 469, 470, 473, 474, 475, 476, 477, 478, 479, 481, 482, 484, 492, 493, 503, 504, 505, 506, 509, 510, 511, 512, 513, 514, 516, 517, 519, 531, 532, 614, 624, 652, 653, 656, 659, 660], "excluded_lines": [], "functions": {"HealthCheck.to_dict": {"executed_lines": [], "summary": {"covered_lines": 0, "num_statements": 1, "percent_covered": 0.0, "percent_covered_display": "0", "missing_lines": 1, "excluded_lines": 0}, "missing_lines": [47], "excluded_lines": []}, "MetricData.to_dict": {"executed_lines": [], "summary": {"covered_lines": 0, "num_statements": 1, "percent_covered": 0.0, "percent_covered_display": "0", "missing_lines": 1, "excluded_lines": 0}, "missing_lines": [64], "excluded_lines": []}, "Alert.to_dict": {"executed_lines": [], "summary": {"covered_lines": 0, "num_statements": 1, "percent_covered": 0.0, "percent_covered_display": "0", "missing_lines": 1, "excluded_lines": 0}, "missing_lines": [85], "excluded_lines": []}, "HealthChecker.__init__": {"executed_lines": [97, 98], "summary": {"covered_lines": 2, "num_statements": 2, "percent_covered": 100.0, "percent_covered_display": "100", "missing_lines": 0, "excluded_lines": 0}, "missing_lines": [], "excluded_lines": []}, "HealthChecker.register_check": {"executed_lines": [102, 103], "summary": {"covered_lines": 2, "num_statements": 2, "percent_covered": 100.0, "percent_covered_display": "100", "missing_lines": 0, "excluded_lines": 0}, "missing_lines": [], "excluded_lines": []}, "HealthChecker.run_check": {"executed_lines": [107, 116, 117, 118, 119, 121, 125, 134, 135, 136, 138], "summary": {"covered_lines": 11, "num_statements": 14, "percent_covered": 78.57142857142857, "percent_covered_display": "79", "missing_lines": 3, "excluded_lines": 0}, "missing_lines": [108, 122, 123], "excluded_lines": []}, "HealthChecker.run_all_checks": {"executed_lines": [148, 150, 151, 152, 153, 155], "summary": {"covered_lines": 6, "num_statements": 6, "percent_covered": 100.0, "percent_covered_display": "100", "missing_lines": 0, "excluded_lines": 0}, "missing_lines": [], "excluded_lines": []}, "HealthChecker.get_overall_status": {"executed_lines": [159, 160, 162, 164, 166, 167], "summary": {"covered_lines": 6, "num_statements": 10, "percent_covered": 60.0, "percent_covered_display": "60", "missing_lines": 4, "excluded_lines": 0}, "missing_lines": [165, 168, 169, 171], "excluded_lines": []}, "MetricsCollector.__init__": {"executed_lines": [178, 179, 180], "summary": {"covered_lines": 3, "num_statements": 3, "percent_covered": 100.0, "percent_covered_display": "100", "missing_lines": 0, "excluded_lines": 0}, "missing_lines": [], "excluded_lines": []}, "MetricsCollector.collect_metric": {"executed_lines": [184, 192, 195, 196, 198], "summary": {"covered_lines": 5, "num_statements": 5, "percent_covered": 100.0, "percent_covered_display": "100", "missing_lines": 0, "excluded_lines": 0}, "missing_lines": [], "excluded_lines": []}, "MetricsCollector.collect_system_metrics": {"executed_lines": [202, 204, 205, 208, 209, 210, 213, 214, 215, 218, 219, 220], "summary": {"covered_lines": 12, "num_statements": 14, "percent_covered": 85.71428571428571, "percent_covered_display": "86", "missing_lines": 2, "excluded_lines": 0}, "missing_lines": [222, 223], "excluded_lines": []}, "MetricsCollector.get_metrics": {"executed_lines": [227, 229, 234, 235, 240], "summary": {"covered_lines": 5, "num_statements": 5, "percent_covered": 100.0, "percent_covered_display": "100", "missing_lines": 0, "excluded_lines": 0}, "missing_lines": [], "excluded_lines": []}, "MetricsCollector.get_metric_summary": {"executed_lines": [244, 246, 247, 249, 251], "summary": {"covered_lines": 5, "num_statements": 5, "percent_covered": 100.0, "percent_covered_display": "100", "missing_lines": 0, "excluded_lines": 0}, "missing_lines": [], "excluded_lines": []}, "AlertManager.__init__": {"executed_lines": [264, 265, 266, 267], "summary": {"covered_lines": 4, "num_statements": 4, "percent_covered": 100.0, "percent_covered_display": "100", "missing_lines": 0, "excluded_lines": 0}, "missing_lines": [], "excluded_lines": []}, "AlertManager.add_alert_rule": {"executed_lines": [280, 291, 292], "summary": {"covered_lines": 3, "num_statements": 3, "percent_covered": 100.0, "percent_covered_display": "100", "missing_lines": 0, "excluded_lines": 0}, "missing_lines": [], "excluded_lines": []}, "AlertManager.register_notification_channel": {"executed_lines": [296, 297], "summary": {"covered_lines": 2, "num_statements": 2, "percent_covered": 100.0, "percent_covered_display": "100", "missing_lines": 0, "excluded_lines": 0}, "missing_lines": [], "excluded_lines": []}, "AlertManager.check_alerts": {"executed_lines": [301, 302, 305], "summary": {"covered_lines": 3, "num_statements": 4, "percent_covered": 75.0, "percent_covered_display": "75", "missing_lines": 1, "excluded_lines": 0}, "missing_lines": [303], "excluded_lines": []}, "AlertManager._check_single_rule": {"executed_lines": [309, 310, 311, 314, 316, 317, 320, 321, 324, 325, 326, 327, 329, 332, 334, 335, 337, 348, 349, 352, 354, 358, 359, 360, 361, 363, 365], "summary": {"covered_lines": 27, "num_statements": 29, "percent_covered": 93.10344827586206, "percent_covered_display": "93", "missing_lines": 2, "excluded_lines": 0}, "missing_lines": [328, 330], "excluded_lines": []}, "AlertManager._send_notifications": {"executed_lines": [369, 370, 371, 372], "summary": {"covered_lines": 4, "num_statements": 6, "percent_covered": 66.66666666666667, "percent_covered_display": "67", "missing_lines": 2, "excluded_lines": 0}, "missing_lines": [373, 374], "excluded_lines": []}, "AlertManager.get_active_alerts": {"executed_lines": [378], "summary": {"covered_lines": 1, "num_statements": 1, "percent_covered": 100.0, "percent_covered_display": "100", "missing_lines": 0, "excluded_lines": 0}, "missing_lines": [], "excluded_lines": []}, "AlertManager.get_alert_history": {"executed_lines": [382, 383], "summary": {"covered_lines": 2, "num_statements": 2, "percent_covered": 100.0, "percent_covered_display": "100", "missing_lines": 0, "excluded_lines": 0}, "missing_lines": [], "excluded_lines": []}, "MonitoringService.__init__": {"executed_lines": [393, 394, 395, 396, 397, 400, 403, 406], "summary": {"covered_lines": 8, "num_statements": 8, "percent_covered": 100.0, "percent_covered_display": "100", "missing_lines": 0, "excluded_lines": 0}, "missing_lines": [], "excluded_lines": []}, "MonitoringService._register_default_health_checks": {"executed_lines": [411, 443, 465, 501, 541, 542, 543, 544], "summary": {"covered_lines": 8, "num_statements": 8, "percent_covered": 100.0, "percent_covered_display": "100", "missing_lines": 0, "excluded_lines": 0}, "missing_lines": [], "excluded_lines": []}, "MonitoringService._register_default_health_checks.check_api_health": {"executed_lines": [413, 415, 416, 434], "summary": {"covered_lines": 4, "num_statements": 8, "percent_covered": 50.0, "percent_covered_display": "50", "missing_lines": 4, "excluded_lines": 0}, "missing_lines": [418, 419, 427, 435], "excluded_lines": []}, "MonitoringService._register_default_health_checks.check_database_health": {"executed_lines": [], "summary": {"covered_lines": 0, "num_statements": 5, "percent_covered": 0.0, "percent_covered_display": "0", "missing_lines": 5, "excluded_lines": 0}, "missing_lines": [446, 448, 449, 456, 457], "excluded_lines": []}, "MonitoringService._register_default_health_checks.check_cache_health": {"executed_lines": [], "summary": {"covered_lines": 0, "num_statements": 16, "percent_covered": 0.0, "percent_covered_display": "0", "missing_lines": 16, "excluded_lines": 0}, "missing_lines": [467, 468, 469, 470, 473, 474, 475, 476, 477, 478, 479, 481, 482, 484, 492, 493], "excluded_lines": []}, "MonitoringService._register_default_health_checks.check_system_resources": {"executed_lines": [], "summary": {"covered_lines": 0, "num_statements": 15, "percent_covered": 0.0, "percent_covered_display": "0", "missing_lines": 15, "excluded_lines": 0}, "missing_lines": [503, 504, 505, 506, 509, 510, 511, 512, 513, 514, 516, 517, 519, 531, 532], "excluded_lines": []}, "MonitoringService._register_default_alert_rules": {"executed_lines": [550, 560, 570, 580, 589], "summary": {"covered_lines": 5, "num_statements": 5, "percent_covered": 100.0, "percent_covered_display": "100", "missing_lines": 0, "excluded_lines": 0}, "missing_lines": [], "excluded_lines": []}, "MonitoringService._register_default_notification_channels": {"executed_lines": [601, 605, 611, 617, 618, 619], "summary": {"covered_lines": 6, "num_statements": 6, "percent_covered": 100.0, "percent_covered_display": "100", "missing_lines": 0, "excluded_lines": 0}, "missing_lines": [], "excluded_lines": []}, "MonitoringService._register_default_notification_channels.log_notification": {"executed_lines": [603], "summary": {"covered_lines": 1, "num_statements": 1, "percent_covered": 100.0, "percent_covered_display": "100", "missing_lines": 0, "excluded_lines": 0}, "missing_lines": [], "excluded_lines": []}, "MonitoringService._register_default_notification_channels.email_notification": {"executed_lines": [608], "summary": {"covered_lines": 1, "num_statements": 1, "percent_covered": 100.0, "percent_covered_display": "100", "missing_lines": 0, "excluded_lines": 0}, "missing_lines": [], "excluded_lines": []}, "MonitoringService._register_default_notification_channels.slack_notification": {"executed_lines": [], "summary": {"covered_lines": 0, "num_statements": 1, "percent_covered": 0.0, "percent_covered_display": "0", "missing_lines": 1, "excluded_lines": 0}, "missing_lines": [614], "excluded_lines": []}, "MonitoringService.start_monitoring": {"executed_lines": [623, 626, 627, 628], "summary": {"covered_lines": 4, "num_statements": 5, "percent_covered": 80.0, "percent_covered_display": "80", "missing_lines": 1, "excluded_lines": 0}, "missing_lines": [624], "excluded_lines": []}, "MonitoringService.stop_monitoring": {"executed_lines": [632, 633, 634, 635, 636, 637, 638, 639], "summary": {"covered_lines": 8, "num_statements": 8, "percent_covered": 100.0, "percent_covered_display": "100", "missing_lines": 0, "excluded_lines": 0}, "missing_lines": [], "excluded_lines": []}, "MonitoringService._monitoring_loop": {"executed_lines": [643, 644, 646, 649, 658], "summary": {"covered_lines": 5, "num_statements": 10, "percent_covered": 50.0, "percent_covered_display": "50", "missing_lines": 5, "excluded_lines": 0}, "missing_lines": [652, 653, 656, 659, 660], "excluded_lines": []}, "MonitoringService.get_monitoring_status": {"executed_lines": [664, 665, 667], "summary": {"covered_lines": 3, "num_statements": 3, "percent_covered": 100.0, "percent_covered_display": "100", "missing_lines": 0, "excluded_lines": 0}, "missing_lines": [], "excluded_lines": []}, "get_monitoring_service": {"executed_lines": [687], "summary": {"covered_lines": 1, "num_statements": 1, "percent_covered": 100.0, "percent_covered_display": "100", "missing_lines": 0, "excluded_lines": 0}, "missing_lines": [], "excluded_lines": []}, "": {"executed_lines": [1, 6, 7, 8, 9, 10, 11, 12, 13, 14, 15, 17, 20, 21, 22, 23, 24, 25, 28, 29, 30, 31, 32, 33, 36, 37, 38, 39, 40, 41, 42, 43, 44, 46, 54, 55, 56, 57, 58, 59, 60, 61, 63, 70, 71, 72, 73, 74, 75, 76, 77, 78, 79, 80, 81, 82, 84, 93, 94, 96, 100, 105, 146, 157, 174, 175, 177, 182, 200, 225, 242, 260, 261, 263, 269, 294, 299, 307, 367, 376, 380, 389, 390, 392, 408, 546, 598, 621, 630, 641, 662, 682, 685], "summary": {"covered_lines": 83, "num_statements": 83, "percent_covered": 100.0, "percent_covered_display": "100", "missing_lines": 0, "excluded_lines": 0}, "missing_lines": [], "excluded_lines": []}}, "classes": {"HealthStatus": {"executed_lines": [], "summary": {"covered_lines": 0, "num_statements": 0, "percent_covered": 100.0, "percent_covered_display": "100", "missing_lines": 0, "excluded_lines": 0}, "missing_lines": [], "excluded_lines": []}, "AlertSeverity": {"executed_lines": [], "summary": {"covered_lines": 0, "num_statements": 0, "percent_covered": 100.0, "percent_covered_display": "100", "missing_lines": 0, "excluded_lines": 0}, "missing_lines": [], "excluded_lines": []}, "HealthCheck": {"executed_lines": [], "summary": {"covered_lines": 0, "num_statements": 1, "percent_covered": 0.0, "percent_covered_display": "0", "missing_lines": 1, "excluded_lines": 0}, "missing_lines": [47], "excluded_lines": []}, "MetricData": {"executed_lines": [], "summary": {"covered_lines": 0, "num_statements": 1, "percent_covered": 0.0, "percent_covered_display": "0", "missing_lines": 1, "excluded_lines": 0}, "missing_lines": [64], "excluded_lines": []}, "Alert": {"executed_lines": [], "summary": {"covered_lines": 0, "num_statements": 1, "percent_covered": 0.0, "percent_covered_display": "0", "missing_lines": 1, "excluded_lines": 0}, "missing_lines": [85], "excluded_lines": []}, "HealthChecker": {"executed_lines": [97, 98, 102, 103, 107, 116, 117, 118, 119, 121, 125, 134, 135, 136, 138, 148, 150, 151, 152, 153, 155, 159, 160, 162, 164, 166, 167], "summary": {"covered_lines": 27, "num_statements": 34, "percent_covered": 79.41176470588235, "percent_covered_display": "79", "missing_lines": 7, "excluded_lines": 0}, "missing_lines": [108, 122, 123, 165, 168, 169, 171], "excluded_lines": []}, "MetricsCollector": {"executed_lines": [178, 179, 180, 184, 192, 195, 196, 198, 202, 204, 205, 208, 209, 210, 213, 214, 215, 218, 219, 220, 227, 229, 234, 235, 240, 244, 246, 247, 249, 251], "summary": {"covered_lines": 30, "num_statements": 32, "percent_covered": 93.75, "percent_covered_display": "94", "missing_lines": 2, "excluded_lines": 0}, "missing_lines": [222, 223], "excluded_lines": []}, "AlertManager": {"executed_lines": [264, 265, 266, 267, 280, 291, 292, 296, 297, 301, 302, 305, 309, 310, 311, 314, 316, 317, 320, 321, 324, 325, 326, 327, 329, 332, 334, 335, 337, 348, 349, 352, 354, 358, 359, 360, 361, 363, 365, 369, 370, 371, 372, 378, 382, 383], "summary": {"covered_lines": 46, "num_statements": 51, "percent_covered": 90.19607843137256, "percent_covered_display": "90", "missing_lines": 5, "excluded_lines": 0}, "missing_lines": [303, 328, 330, 373, 374], "excluded_lines": []}, "MonitoringService": {"executed_lines": [393, 394, 395, 396, 397, 400, 403, 406, 411, 413, 415, 416, 434, 443, 465, 501, 541, 542, 543, 544, 550, 560, 570, 580, 589, 601, 603, 605, 608, 611, 617, 618, 619, 623, 626, 627, 628, 632, 633, 634, 635, 636, 637, 638, 639, 643, 644, 646, 649, 658, 664, 665, 667], "summary": {"covered_lines": 53, "num_statements": 100, "percent_covered": 53.0, "percent_covered_display": "53", "missing_lines": 47, "excluded_lines": 0}, "missing_lines": [418, 419, 427, 435, 446, 448, 449, 456, 457, 467, 468, 469, 470, 473, 474, 475, 476, 477, 478, 479, 481, 482, 484, 492, 493, 503, 504, 505, 506, 509, 510, 511, 512, 513, 514, 516, 517, 519, 531, 532, 614, 624, 652, 653, 656, 659, 660], "excluded_lines": []}, "": {"executed_lines": [1, 6, 7, 8, 9, 10, 11, 12, 13, 14, 15, 17, 20, 21, 22, 23, 24, 25, 28, 29, 30, 31, 32, 33, 36, 37, 38, 39, 40, 41, 42, 43, 44, 46, 54, 55, 56, 57, 58, 59, 60, 61, 63, 70, 71, 72, 73, 74, 75, 76, 77, 78, 79, 80, 81, 82, 84, 93, 94, 96, 100, 105, 146, 157, 174, 175, 177, 182, 200, 225, 242, 260, 261, 263, 269, 294, 299, 307, 367, 376, 380, 389, 390, 392, 408, 546, 598, 621, 630, 641, 662, 682, 685, 687], "summary": {"covered_lines": 84, "num_statements": 84, "percent_covered": 100.0, "percent_covered_display": "100", "missing_lines": 0, "excluded_lines": 0}, "missing_lines": [], "excluded_lines": []}}}, "app/core/notifications.py": {"executed_lines": [1, 6, 7, 8, 9, 10, 11, 12, 13, 14, 15, 17, 19, 22, 23, 24, 27, 28, 29, 30, 33, 34, 37, 44, 51, 52, 54, 55, 56, 58, 83, 138, 164, 197, 198, 200, 201, 202, 204, 237, 295, 296, 298, 299, 300, 301, 302, 303, 305, 340, 343, 344, 345, 347, 348, 351, 352, 353, 355, 356, 361, 365, 366, 371, 374, 376, 392, 396, 411, 413, 418, 434, 435, 437, 438, 439, 441, 478, 502, 503, 506, 511], "summary": {"covered_lines": 76, "num_statements": 177, "percent_covered": 42.93785310734463, "percent_covered_display": "43", "missing_lines": 101, "excluded_lines": 0}, "missing_lines": [60, 62, 64, 65, 68, 71, 78, 80, 81, 85, 92, 94, 140, 166, 167, 168, 170, 172, 173, 174, 175, 178, 179, 181, 182, 185, 186, 187, 188, 190, 192, 193, 194, 206, 207, 208, 210, 212, 215, 216, 222, 223, 226, 232, 234, 235, 239, 246, 253, 254, 256, 308, 309, 310, 313, 316, 317, 318, 319, 320, 321, 322, 323, 325, 327, 328, 331, 358, 362, 372, 378, 384, 385, 390, 394, 398, 405, 443, 445, 447, 455, 456, 459, 460, 462, 464, 465, 468, 470, 476, 480, 487, 490, 491, 492, 494, 495, 496, 498, 508, 513], "excluded_lines": [], "functions": {"EmailNotifier.__init__": {"executed_lines": [55, 56], "summary": {"covered_lines": 2, "num_statements": 2, "percent_covered": 100.0, "percent_covered_display": "100", "missing_lines": 0, "excluded_lines": 0}, "missing_lines": [], "excluded_lines": []}, "EmailNotifier.send_alert_email": {"executed_lines": [], "summary": {"covered_lines": 0, "num_statements": 9, "percent_covered": 0.0, "percent_covered_display": "0", "missing_lines": 9, "excluded_lines": 0}, "missing_lines": [60, 62, 64, 65, 68, 71, 78, 80, 81], "excluded_lines": []}, "EmailNotifier._generate_email_html": {"executed_lines": [], "summary": {"covered_lines": 0, "num_statements": 3, "percent_covered": 0.0, "percent_covered_display": "0", "missing_lines": 3, "excluded_lines": 0}, "missing_lines": [85, 92, 94], "excluded_lines": []}, "EmailNotifier._generate_email_text": {"executed_lines": [], "summary": {"covered_lines": 0, "num_statements": 1, "percent_covered": 0.0, "percent_covered_display": "0", "missing_lines": 1, "excluded_lines": 0}, "missing_lines": [140], "excluded_lines": []}, "EmailNotifier._send_email": {"executed_lines": [], "summary": {"covered_lines": 0, "num_statements": 20, "percent_covered": 0.0, "percent_covered_display": "0", "missing_lines": 20, "excluded_lines": 0}, "missing_lines": [166, 167, 168, 170, 172, 173, 174, 175, 178, 179, 181, 182, 185, 186, 187, 188, 190, 192, 193, 194], "excluded_lines": []}, "SlackNotifier.__init__": {"executed_lines": [201, 202], "summary": {"covered_lines": 2, "num_statements": 2, "percent_covered": 100.0, "percent_covered_display": "100", "missing_lines": 0, "excluded_lines": 0}, "missing_lines": [], "excluded_lines": []}, "SlackNotifier.send_alert_slack": {"executed_lines": [], "summary": {"covered_lines": 0, "num_statements": 13, "percent_covered": 0.0, "percent_covered_display": "0", "missing_lines": 13, "excluded_lines": 0}, "missing_lines": [206, 207, 208, 210, 212, 215, 216, 222, 223, 226, 232, 234, 235], "excluded_lines": []}, "SlackNotifier._generate_slack_message": {"executed_lines": [], "summary": {"covered_lines": 0, "num_statements": 5, "percent_covered": 0.0, "percent_covered_display": "0", "missing_lines": 5, "excluded_lines": 0}, "missing_lines": [239, 246, 253, 254, 256], "excluded_lines": []}, "NotificationManager.__init__": {"executed_lines": [299, 300, 301, 302, 303], "summary": {"covered_lines": 5, "num_statements": 5, "percent_covered": 100.0, "percent_covered_display": "100", "missing_lines": 0, "excluded_lines": 0}, "missing_lines": [], "excluded_lines": []}, "NotificationManager.send_notification": {"executed_lines": [], "summary": {"covered_lines": 0, "num_statements": 16, "percent_covered": 0.0, "percent_covered_display": "0", "missing_lines": 16, "excluded_lines": 0}, "missing_lines": [308, 309, 310, 313, 316, 317, 318, 319, 320, 321, 322, 323, 325, 327, 328, 331], "excluded_lines": []}, "NotificationManager._should_suppress_notification": {"executed_lines": [343, 344, 345, 347, 348, 351, 352, 353, 355, 356, 361, 365, 366, 371, 374], "summary": {"covered_lines": 15, "num_statements": 18, "percent_covered": 83.33333333333333, "percent_covered_display": "83", "missing_lines": 3, "excluded_lines": 0}, "missing_lines": [358, 362, 372], "excluded_lines": []}, "NotificationManager._send_email_notification": {"executed_lines": [], "summary": {"covered_lines": 0, "num_statements": 4, "percent_covered": 0.0, "percent_covered_display": "0", "missing_lines": 4, "excluded_lines": 0}, "missing_lines": [378, 384, 385, 390], "excluded_lines": []}, "NotificationManager._send_slack_notification": {"executed_lines": [], "summary": {"covered_lines": 0, "num_statements": 1, "percent_covered": 0.0, "percent_covered_display": "0", "missing_lines": 1, "excluded_lines": 0}, "missing_lines": [394], "excluded_lines": []}, "NotificationManager._send_log_notification": {"executed_lines": [], "summary": {"covered_lines": 0, "num_statements": 2, "percent_covered": 0.0, "percent_covered_display": "0", "missing_lines": 2, "excluded_lines": 0}, "missing_lines": [398, 405], "excluded_lines": []}, "NotificationManager.get_notification_stats": {"executed_lines": [413, 418], "summary": {"covered_lines": 2, "num_statements": 2, "percent_covered": 100.0, "percent_covered_display": "100", "missing_lines": 0, "excluded_lines": 0}, "missing_lines": [], "excluded_lines": []}, "EscalationManager.__init__": {"executed_lines": [438, 439], "summary": {"covered_lines": 2, "num_statements": 2, "percent_covered": 100.0, "percent_covered_display": "100", "missing_lines": 0, "excluded_lines": 0}, "missing_lines": [], "excluded_lines": []}, "EscalationManager.handle_alert_escalation": {"executed_lines": [], "summary": {"covered_lines": 0, "num_statements": 13, "percent_covered": 0.0, "percent_covered_display": "0", "missing_lines": 13, "excluded_lines": 0}, "missing_lines": [443, 445, 447, 455, 456, 459, 460, 462, 464, 465, 468, 470, 476], "excluded_lines": []}, "EscalationManager._get_escalated_channels": {"executed_lines": [], "summary": {"covered_lines": 0, "num_statements": 9, "percent_covered": 0.0, "percent_covered_display": "0", "missing_lines": 9, "excluded_lines": 0}, "missing_lines": [480, 487, 490, 491, 492, 494, 495, 496, 498], "excluded_lines": []}, "get_notification_manager": {"executed_lines": [], "summary": {"covered_lines": 0, "num_statements": 1, "percent_covered": 0.0, "percent_covered_display": "0", "missing_lines": 1, "excluded_lines": 0}, "missing_lines": [508], "excluded_lines": []}, "get_escalation_manager": {"executed_lines": [], "summary": {"covered_lines": 0, "num_statements": 1, "percent_covered": 0.0, "percent_covered_display": "0", "missing_lines": 1, "excluded_lines": 0}, "missing_lines": [513], "excluded_lines": []}, "": {"executed_lines": [1, 6, 7, 8, 9, 10, 11, 12, 13, 14, 15, 17, 19, 22, 23, 24, 27, 28, 29, 30, 33, 34, 37, 44, 51, 52, 54, 58, 83, 138, 164, 197, 198, 200, 204, 237, 295, 296, 298, 305, 340, 376, 392, 396, 411, 434, 435, 437, 441, 478, 502, 503, 506, 511], "summary": {"covered_lines": 48, "num_statements": 48, "percent_covered": 100.0, "percent_covered_display": "100", "missing_lines": 0, "excluded_lines": 0}, "missing_lines": [], "excluded_lines": []}}, "classes": {"NotificationConfig": {"executed_lines": [], "summary": {"covered_lines": 0, "num_statements": 0, "percent_covered": 100.0, "percent_covered_display": "100", "missing_lines": 0, "excluded_lines": 0}, "missing_lines": [], "excluded_lines": []}, "EmailNotifier": {"executed_lines": [55, 56], "summary": {"covered_lines": 2, "num_statements": 35, "percent_covered": 5.714285714285714, "percent_covered_display": "6", "missing_lines": 33, "excluded_lines": 0}, "missing_lines": [60, 62, 64, 65, 68, 71, 78, 80, 81, 85, 92, 94, 140, 166, 167, 168, 170, 172, 173, 174, 175, 178, 179, 181, 182, 185, 186, 187, 188, 190, 192, 193, 194], "excluded_lines": []}, "SlackNotifier": {"executed_lines": [201, 202], "summary": {"covered_lines": 2, "num_statements": 20, "percent_covered": 10.0, "percent_covered_display": "10", "missing_lines": 18, "excluded_lines": 0}, "missing_lines": [206, 207, 208, 210, 212, 215, 216, 222, 223, 226, 232, 234, 235, 239, 246, 253, 254, 256], "excluded_lines": []}, "NotificationManager": {"executed_lines": [299, 300, 301, 302, 303, 343, 344, 345, 347, 348, 351, 352, 353, 355, 356, 361, 365, 366, 371, 374, 413, 418], "summary": {"covered_lines": 22, "num_statements": 48, "percent_covered": 45.833333333333336, "percent_covered_display": "46", "missing_lines": 26, "excluded_lines": 0}, "missing_lines": [308, 309, 310, 313, 316, 317, 318, 319, 320, 321, 322, 323, 325, 327, 328, 331, 358, 362, 372, 378, 384, 385, 390, 394, 398, 405], "excluded_lines": []}, "EscalationManager": {"executed_lines": [438, 439], "summary": {"covered_lines": 2, "num_statements": 24, "percent_covered": 8.333333333333334, "percent_covered_display": "8", "missing_lines": 22, "excluded_lines": 0}, "missing_lines": [443, 445, 447, 455, 456, 459, 460, 462, 464, 465, 468, 470, 476, 480, 487, 490, 491, 492, 494, 495, 496, 498], "excluded_lines": []}, "": {"executed_lines": [1, 6, 7, 8, 9, 10, 11, 12, 13, 14, 15, 17, 19, 22, 23, 24, 27, 28, 29, 30, 33, 34, 37, 44, 51, 52, 54, 58, 83, 138, 164, 197, 198, 200, 204, 237, 295, 296, 298, 305, 340, 376, 392, 396, 411, 434, 435, 437, 441, 478, 502, 503, 506, 511], "summary": {"covered_lines": 48, "num_statements": 50, "percent_covered": 96.0, "percent_covered_display": "96", "missing_lines": 2, "excluded_lines": 0}, "missing_lines": [508, 513], "excluded_lines": []}}}, "app/core/security.py": {"executed_lines": [1, 6, 7, 8, 9, 10, 11, 12, 13, 14, 15, 17, 20, 21, 24, 61, 74, 86, 95, 96, 98, 102, 112, 129, 130, 132, 143, 159, 193, 225, 226, 228, 229, 238, 240, 270, 271, 273, 274, 276, 280, 281, 282, 285, 288, 290, 291, 293, 294, 297, 298, 300, 301, 304, 307, 309, 310, 312, 313, 315, 318, 325, 332, 339, 346, 347, 348, 350, 352, 355, 356, 358, 359, 360, 362, 370, 379, 382, 386, 388, 390, 392, 397, 398, 403, 406, 407, 409, 410, 411, 412, 414, 454, 469, 491, 497, 498, 499, 502, 504, 507, 512, 517], "summary": {"covered_lines": 95, "num_statements": 203, "percent_covered": 46.79802955665025, "percent_covered_display": "47", "missing_lines": 108, "excluded_lines": 0}, "missing_lines": [99, 100, 104, 105, 106, 107, 109, 110, 113, 116, 117, 120, 123, 124, 126, 133, 134, 135, 136, 137, 146, 147, 150, 151, 153, 154, 157, 161, 162, 164, 165, 167, 168, 171, 172, 177, 180, 181, 183, 185, 186, 187, 190, 191, 194, 197, 198, 215, 216, 218, 219, 220, 222, 242, 243, 245, 246, 248, 249, 258, 259, 267, 277, 286, 305, 349, 383, 416, 419, 420, 423, 426, 432, 435, 436, 440, 443, 445, 446, 450, 452, 456, 457, 460, 461, 464, 465, 467, 471, 472, 479, 486, 487, 488, 489, 493, 509, 514, 519, 522, 523, 530, 540, 541, 549, 552, 553, 555], "excluded_lines": [], "functions": {"SecurityHeadersMiddleware.__init__": {"executed_lines": [], "summary": {"covered_lines": 0, "num_statements": 2, "percent_covered": 0.0, "percent_covered_display": "0", "missing_lines": 2, "excluded_lines": 0}, "missing_lines": [99, 100], "excluded_lines": []}, "SecurityHeadersMiddleware.generate_csp_header": {"executed_lines": [], "summary": {"covered_lines": 0, "num_statements": 6, "percent_covered": 0.0, "percent_covered_display": "0", "missing_lines": 6, "excluded_lines": 0}, "missing_lines": [104, 105, 106, 107, 109, 110], "excluded_lines": []}, "SecurityHeadersMiddleware.dispatch": {"executed_lines": [], "summary": {"covered_lines": 0, "num_statements": 7, "percent_covered": 0.0, "percent_covered_display": "0", "missing_lines": 7, "excluded_lines": 0}, "missing_lines": [113, 116, 117, 120, 123, 124, 126], "excluded_lines": []}, "RateLimitMiddleware.__init__": {"executed_lines": [], "summary": {"covered_lines": 0, "num_statements": 5, "percent_covered": 0.0, "percent_covered_display": "0", "missing_lines": 5, "excluded_lines": 0}, "missing_lines": [133, 134, 135, 136, 137], "excluded_lines": []}, "RateLimitMiddleware.get_client_ip": {"executed_lines": [], "summary": {"covered_lines": 0, "num_statements": 7, "percent_covered": 0.0, "percent_covered_display": "0", "missing_lines": 7, "excluded_lines": 0}, "missing_lines": [146, 147, 150, 151, 153, 154, 157], "excluded_lines": []}, "RateLimitMiddleware.is_rate_limited": {"executed_lines": [], "summary": {"covered_lines": 0, "num_statements": 17, "percent_covered": 0.0, "percent_covered_display": "0", "missing_lines": 17, "excluded_lines": 0}, "missing_lines": [161, 162, 164, 165, 167, 168, 171, 172, 177, 180, 181, 183, 185, 186, 187, 190, 191], "excluded_lines": []}, "RateLimitMiddleware.dispatch": {"executed_lines": [], "summary": {"covered_lines": 0, "num_statements": 9, "percent_covered": 0.0, "percent_covered_display": "0", "missing_lines": 9, "excluded_lines": 0}, "missing_lines": [194, 197, 198, 215, 216, 218, 219, 220, 222], "excluded_lines": []}, "APIKeyAuth.__init__": {"executed_lines": [229, 238], "summary": {"covered_lines": 2, "num_statements": 2, "percent_covered": 100.0, "percent_covered_display": "100", "missing_lines": 0, "excluded_lines": 0}, "missing_lines": [], "excluded_lines": []}, "APIKeyAuth.verify_api_key": {"executed_lines": [], "summary": {"covered_lines": 0, "num_statements": 9, "percent_covered": 0.0, "percent_covered_display": "0", "missing_lines": 9, "excluded_lines": 0}, "missing_lines": [242, 243, 245, 246, 248, 249, 258, 259, 267], "excluded_lines": []}, "InputSanitizer.sanitize_string": {"executed_lines": [276, 280, 281, 282, 285, 288], "summary": {"covered_lines": 6, "num_statements": 8, "percent_covered": 75.0, "percent_covered_display": "75", "missing_lines": 2, "excluded_lines": 0}, "missing_lines": [277, 286], "excluded_lines": []}, "InputSanitizer.sanitize_number": {"executed_lines": [293, 294, 297, 298, 300, 301, 304, 307, 309, 310], "summary": {"covered_lines": 10, "num_statements": 11, "percent_covered": 90.9090909090909, "percent_covered_display": "91", "missing_lines": 1, "excluded_lines": 0}, "missing_lines": [305], "excluded_lines": []}, "InputSanitizer.validate_calculation_input": {"executed_lines": [315, 318, 325, 332, 339, 346, 347, 348, 350, 352], "summary": {"covered_lines": 10, "num_statements": 11, "percent_covered": 90.9090909090909, "percent_covered_display": "91", "missing_lines": 1, "excluded_lines": 0}, "missing_lines": [349], "excluded_lines": []}, "SecurityAuditLogger.__init__": {"executed_lines": [359, 360], "summary": {"covered_lines": 2, "num_statements": 2, "percent_covered": 100.0, "percent_covered_display": "100", "missing_lines": 0, "excluded_lines": 0}, "missing_lines": [], "excluded_lines": []}, "SecurityAuditLogger.log_security_event": {"executed_lines": [370, 379, 382, 386], "summary": {"covered_lines": 4, "num_statements": 5, "percent_covered": 80.0, "percent_covered_display": "80", "missing_lines": 1, "excluded_lines": 0}, "missing_lines": [383], "excluded_lines": []}, "SecurityAuditLogger.get_security_events": {"executed_lines": [390, 392, 397, 398, 403], "summary": {"covered_lines": 5, "num_statements": 5, "percent_covered": 100.0, "percent_covered_display": "100", "missing_lines": 0, "excluded_lines": 0}, "missing_lines": [], "excluded_lines": []}, "DDoSProtection.__init__": {"executed_lines": [410, 411, 412], "summary": {"covered_lines": 3, "num_statements": 3, "percent_covered": 100.0, "percent_covered_display": "100", "missing_lines": 0, "excluded_lines": 0}, "missing_lines": [], "excluded_lines": []}, "DDoSProtection.analyze_request_pattern": {"executed_lines": [], "summary": {"covered_lines": 0, "num_statements": 14, "percent_covered": 0.0, "percent_covered_display": "0", "missing_lines": 14, "excluded_lines": 0}, "missing_lines": [416, 419, 420, 423, 426, 432, 435, 436, 440, 443, 445, 446, 450, 452], "excluded_lines": []}, "DDoSProtection.is_repetitive_pattern": {"executed_lines": [], "summary": {"covered_lines": 0, "num_statements": 7, "percent_covered": 0.0, "percent_covered_display": "0", "missing_lines": 7, "excluded_lines": 0}, "missing_lines": [456, 457, 460, 461, 464, 465, 467], "excluded_lines": []}, "DDoSProtection.mark_suspicious": {"executed_lines": [], "summary": {"covered_lines": 0, "num_statements": 7, "percent_covered": 0.0, "percent_covered_display": "0", "missing_lines": 7, "excluded_lines": 0}, "missing_lines": [471, 472, 479, 486, 487, 488, 489], "excluded_lines": []}, "DDoSProtection.is_blocked": {"executed_lines": [], "summary": {"covered_lines": 0, "num_statements": 1, "percent_covered": 0.0, "percent_covered_display": "0", "missing_lines": 1, "excluded_lines": 0}, "missing_lines": [493], "excluded_lines": []}, "get_security_audit_logger": {"executed_lines": [504], "summary": {"covered_lines": 1, "num_statements": 1, "percent_covered": 100.0, "percent_covered_display": "100", "missing_lines": 0, "excluded_lines": 0}, "missing_lines": [], "excluded_lines": []}, "get_ddos_protection": {"executed_lines": [], "summary": {"covered_lines": 0, "num_statements": 1, "percent_covered": 0.0, "percent_covered_display": "0", "missing_lines": 1, "excluded_lines": 0}, "missing_lines": [509], "excluded_lines": []}, "get_api_key_auth": {"executed_lines": [], "summary": {"covered_lines": 0, "num_statements": 1, "percent_covered": 0.0, "percent_covered_display": "0", "missing_lines": 1, "excluded_lines": 0}, "missing_lines": [514], "excluded_lines": []}, "security_middleware": {"executed_lines": [], "summary": {"covered_lines": 0, "num_statements": 10, "percent_covered": 0.0, "percent_covered_display": "0", "missing_lines": 10, "excluded_lines": 0}, "missing_lines": [519, 522, 523, 530, 540, 541, 549, 552, 553, 555], "excluded_lines": []}, "": {"executed_lines": [1, 6, 7, 8, 9, 10, 11, 12, 13, 14, 15, 17, 20, 21, 24, 61, 74, 86, 95, 96, 98, 102, 112, 129, 130, 132, 143, 159, 193, 225, 226, 228, 240, 270, 271, 273, 274, 290, 291, 312, 313, 355, 356, 358, 362, 388, 406, 407, 409, 414, 454, 469, 491, 497, 498, 499, 502, 507, 512, 517], "summary": {"covered_lines": 52, "num_statements": 52, "percent_covered": 100.0, "percent_covered_display": "100", "missing_lines": 0, "excluded_lines": 0}, "missing_lines": [], "excluded_lines": []}}, "classes": {"SecurityConfig": {"executed_lines": [], "summary": {"covered_lines": 0, "num_statements": 0, "percent_covered": 100.0, "percent_covered_display": "100", "missing_lines": 0, "excluded_lines": 0}, "missing_lines": [], "excluded_lines": []}, "SecurityHeadersMiddleware": {"executed_lines": [], "summary": {"covered_lines": 0, "num_statements": 15, "percent_covered": 0.0, "percent_covered_display": "0", "missing_lines": 15, "excluded_lines": 0}, "missing_lines": [99, 100, 104, 105, 106, 107, 109, 110, 113, 116, 117, 120, 123, 124, 126], "excluded_lines": []}, "RateLimitMiddleware": {"executed_lines": [], "summary": {"covered_lines": 0, "num_statements": 38, "percent_covered": 0.0, "percent_covered_display": "0", "missing_lines": 38, "excluded_lines": 0}, "missing_lines": [133, 134, 135, 136, 137, 146, 147, 150, 151, 153, 154, 157, 161, 162, 164, 165, 167, 168, 171, 172, 177, 180, 181, 183, 185, 186, 187, 190, 191, 194, 197, 198, 215, 216, 218, 219, 220, 222], "excluded_lines": []}, "APIKeyAuth": {"executed_lines": [229, 238], "summary": {"covered_lines": 2, "num_statements": 11, "percent_covered": 18.181818181818183, "percent_covered_display": "18", "missing_lines": 9, "excluded_lines": 0}, "missing_lines": [242, 243, 245, 246, 248, 249, 258, 259, 267], "excluded_lines": []}, "InputSanitizer": {"executed_lines": [276, 280, 281, 282, 285, 288, 293, 294, 297, 298, 300, 301, 304, 307, 309, 310, 315, 318, 325, 332, 339, 346, 347, 348, 350, 352], "summary": {"covered_lines": 26, "num_statements": 30, "percent_covered": 86.66666666666667, "percent_covered_display": "87", "missing_lines": 4, "excluded_lines": 0}, "missing_lines": [277, 286, 305, 349], "excluded_lines": []}, "SecurityAuditLogger": {"executed_lines": [359, 360, 370, 379, 382, 386, 390, 392, 397, 398, 403], "summary": {"covered_lines": 11, "num_statements": 12, "percent_covered": 91.66666666666667, "percent_covered_display": "92", "missing_lines": 1, "excluded_lines": 0}, "missing_lines": [383], "
[...]
: 4, "num_statements": 6, "percent_covered": 66.66666666666667, "percent_covered_display": "67", "missing_lines": 2, "excluded_lines": 0}, "missing_lines": [239, 251], "excluded_lines": []}, "format_validation_errors": {"executed_lines": [], "summary": {"covered_lines": 0, "num_statements": 8, "percent_covered": 0.0, "percent_covered_display": "0", "missing_lines": 8, "excluded_lines": 0}, "missing_lines": [271, 273, 274, 275, 278, 286, 288, 294], "excluded_lines": []}, "": {"executed_lines": [1, 6, 7, 8, 9, 12, 13, 14, 21, 22, 24, 31, 38, 45, 52, 58, 59, 67, 68, 76, 77, 85, 86, 94, 95, 102, 139, 226, 261], "summary": {"covered_lines": 26, "num_statements": 26, "percent_covered": 100.0, "percent_covered_display": "100", "missing_lines": 0, "excluded_lines": 0}, "missing_lines": [], "excluded_lines": []}}, "classes": {"ValidationError": {"executed_lines": [15, 16, 17, 18], "summary": {"covered_lines": 4, "num_statements": 4, "percent_covered": 100.0, "percent_covered_display": "100", "missing_lines": 0, "excluded_lines": 0}, "missing_lines": [], "excluded_lines": []}, "CalculatorInputValidator": {"executed_lines": [61, 63, 65, 70, 72, 74, 79, 81, 83, 88, 90, 92, 97, 98, 100, 104, 107, 108, 109, 110, 116, 117, 123, 124, 130, 136], "summary": {"covered_lines": 26, "num_statements": 36, "percent_covered": 72.22222222222223, "percent_covered_display": "72", "missing_lines": 10, "excluded_lines": 0}, "missing_lines": [62, 64, 71, 73, 80, 82, 89, 91, 99, 131], "excluded_lines": []}, "": {"executed_lines": [1, 6, 7, 8, 9, 12, 13, 14, 21, 22, 24, 31, 38, 45, 52, 58, 59, 67, 68, 76, 77, 85, 86, 94, 95, 102, 139, 152, 154, 157, 158, 159, 160, 161, 162, 169, 170, 171, 180, 181, 184, 186, 188, 189, 198, 200, 201, 204, 205, 215, 226, 237, 238, 249, 250, 261], "summary": {"covered_lines": 53, "num_statements": 73, "percent_covered": 72.6027397260274, "percent_covered_display": "73", "missing_lines": 20, "excluded_lines": 0}, "missing_lines": [172, 173, 206, 207, 208, 209, 210, 211, 212, 213, 239, 251, 271, 273, 274, 275, 278, 286, 288, 294], "excluded_lines": []}}}, "app/main.py": {"executed_lines": [1, 6, 7, 8, 9, 10, 11, 12, 13, 14, 16, 17, 18, 19, 20, 21, 27, 28, 35, 36, 49, 135, 145, 152, 153, 154, 168, 171, 172, 182, 236, 238, 239, 240, 242, 244, 245, 247, 271, 308, 310, 311, 314, 348, 350, 352, 353, 354, 356, 370, 410, 412, 413, 416, 441, 443, 445, 446, 448, 457, 482, 484, 486, 489, 490, 491, 494, 495, 498, 507, 508, 510, 522, 523, 537, 538, 552, 553, 565], "summary": {"covered_lines": 78, "num_statements": 101, "percent_covered": 77.22772277227723, "percent_covered_display": "77", "missing_lines": 23, "excluded_lines": 0}, "missing_lines": [39, 40, 42, 45, 146, 174, 258, 259, 496, 525, 540, 541, 542, 545, 546, 547, 549, 555, 558, 559, 560, 562, 566], "excluded_lines": [], "functions": {"lifespan": {"executed_lines": [], "summary": {"covered_lines": 0, "num_statements": 4, "percent_covered": 0.0, "percent_covered_display": "0", "missing_lines": 4, "excluded_lines": 0}, "missing_lines": [39, 40, 42, 45], "excluded_lines": []}, "root": {"executed_lines": [], "summary": {"covered_lines": 0, "num_statements": 1, "percent_covered": 0.0, "percent_covered_display": "0", "missing_lines": 1, "excluded_lines": 0}, "missing_lines": [174], "excluded_lines": []}, "health_check": {"executed_lines": [238, 239, 240, 242, 244, 245, 247], "summary": {"covered_lines": 7, "num_statements": 9, "percent_covered": 77.77777777777777, "percent_covered_display": "78", "missing_lines": 2, "excluded_lines": 0}, "missing_lines": [258, 259], "excluded_lines": []}, "get_cache_stats": {"executed_lines": [310, 311], "summary": {"covered_lines": 2, "num_statements": 2, "percent_covered": 100.0, "percent_covered_display": "100", "missing_lines": 0, "excluded_lines": 0}, "missing_lines": [], "excluded_lines": []}, "get_security_audit": {"executed_lines": [350, 352, 353, 354, 356], "summary": {"covered_lines": 5, "num_statements": 5, "percent_covered": 100.0, "percent_covered_display": "100", "missing_lines": 0, "excluded_lines": 0}, "missing_lines": [], "excluded_lines": []}, "get_monitoring_status": {"executed_lines": [412, 413], "summary": {"covered_lines": 2, "num_statements": 2, "percent_covered": 100.0, "percent_covered_display": "100", "missing_lines": 0, "excluded_lines": 0}, "missing_lines": [], "excluded_lines": []}, "get_monitoring_alerts": {"executed_lines": [443, 445, 446, 448], "summary": {"covered_lines": 4, "num_statements": 4, "percent_covered": 100.0, "percent_covered_display": "100", "missing_lines": 0, "excluded_lines": 0}, "missing_lines": [], "excluded_lines": []}, "get_monitoring_metrics": {"executed_lines": [484, 486, 489, 490, 491, 494, 495, 498], "summary": {"covered_lines": 8, "num_statements": 9, "percent_covered": 88.88888888888889, "percent_covered_display": "89", "missing_lines": 1, "excluded_lines": 0}, "missing_lines": [496], "excluded_lines": []}, "http_exception_handler": {"executed_lines": [510], "summary": {"covered_lines": 1, "num_statements": 1, "percent_covered": 100.0, "percent_covered_display": "100", "missing_lines": 0, "excluded_lines": 0}, "missing_lines": [], "excluded_lines": []}, "value_error_handler": {"executed_lines": [], "summary": {"covered_lines": 0, "num_statements": 1, "percent_covered": 0.0, "percent_covered_display": "0", "missing_lines": 1, "excluded_lines": 0}, "missing_lines": [525], "excluded_lines": []}, "startup_event": {"executed_lines": [], "summary": {"covered_lines": 0, "num_statements": 7, "percent_covered": 0.0, "percent_covered_display": "0", "missing_lines": 7, "excluded_lines": 0}, "missing_lines": [540, 541, 542, 545, 546, 547, 549], "excluded_lines": []}, "shutdown_event": {"executed_lines": [], "summary": {"covered_lines": 0, "num_statements": 5, "percent_covered": 0.0, "percent_covered_display": "0", "missing_lines": 5, "excluded_lines": 0}, "missing_lines": [555, 558, 559, 560, 562], "excluded_lines": []}, "": {"executed_lines": [1, 6, 7, 8, 9, 10, 11, 12, 13, 14, 16, 17, 18, 19, 20, 21, 27, 28, 35, 36, 49, 135, 145, 152, 153, 154, 168, 171, 172, 182, 236, 271, 308, 314, 348, 370, 410, 416, 441, 457, 482, 507, 508, 522, 523, 537, 538, 552, 553, 565], "summary": {"covered_lines": 49, "num_statements": 51, "percent_covered": 96.07843137254902, "percent_covered_display": "96", "missing_lines": 2, "excluded_lines": 0}, "missing_lines": [146, 566], "excluded_lines": []}}, "classes": {"": {"executed_lines": [1, 6, 7, 8, 9, 10, 11, 12, 13, 14, 16, 17, 18, 19, 20, 21, 27, 28, 35, 36, 49, 135, 145, 152, 153, 154, 168, 171, 172, 182, 236, 238, 239, 240, 242, 244, 245, 247, 271, 308, 310, 311, 314, 348, 350, 352, 353, 354, 356, 370, 410, 412, 413, 416, 441, 443, 445, 446, 448, 457, 482, 484, 486, 489, 490, 491, 494, 495, 498, 507, 508, 510, 522, 523, 537, 538, 552, 553, 565], "summary": {"covered_lines": 78, "num_statements": 101, "percent_covered": 77.22772277227723, "percent_covered_display": "77", "missing_lines": 23, "excluded_lines": 0}, "missing_lines": [39, 40, 42, 45, 146, 174, 258, 259, 496, 525, 540, 541, 542, 545, 546, 547, 549, 555, 558, 559, 560, 562, 566], "excluded_lines": []}}}, "app/models/__init__.py": {"executed_lines": [1], "summary": {"covered_lines": 0, "num_statements": 0, "percent_covered": 100.0, "percent_covered_display": "100", "missing_lines": 0, "excluded_lines": 0}, "missing_lines": [], "excluded_lines": [], "functions": {"": {"executed_lines": [], "summary": {"covered_lines": 0, "num_statements": 0, "percent_covered": 100.0, "percent_covered_display": "100", "missing_lines": 0, "excluded_lines": 0}, "missing_lines": [], "excluded_lines": []}}, "classes": {"": {"executed_lines": [], "summary": {"covered_lines": 0, "num_statements": 0, "percent_covered": 100.0, "percent_covered_display": "100", "missing_lines": 0, "excluded_lines": 0}, "missing_lines": [], "excluded_lines": []}}}, "app/models/calculator.py": {"executed_lines": [1, 6, 7, 8, 11, 12, 17, 25, 33, 41, 49, 56, 57, 59, 60, 62, 64, 105, 106, 111, 117, 123, 129, 135, 141, 149, 150, 155, 161, 167, 173, 179, 184, 191, 220, 221, 222, 223, 224, 225, 228, 229, 230, 231, 232, 233, 236, 237, 238, 239, 240, 241, 242, 245, 246, 247, 248, 249, 250, 251, 252, 253, 254, 255, 256, 257, 258, 259, 260], "summary": {"covered_lines": 61, "num_statements": 62, "percent_covered": 98.38709677419355, "percent_covered_display": "98", "missing_lines": 1, "excluded_lines": 0}, "missing_lines": [61], "excluded_lines": [], "functions": {"CalculatorRequest.validate_compound_frequency": {"executed_lines": [59, 60, 62], "summary": {"covered_lines": 3, "num_statements": 4, "percent_covered": 75.0, "percent_covered_display": "75", "missing_lines": 1, "excluded_lines": 0}, "missing_lines": [61], "excluded_lines": []}, "": {"executed_lines": [1, 6, 7, 8, 11, 12, 17, 25, 33, 41, 49, 56, 57, 64, 105, 106, 111, 117, 123, 129, 135, 141, 149, 150, 155, 161, 167, 173, 179, 184, 191, 220, 221, 222, 223, 224, 225, 228, 229, 230, 231, 232, 233, 236, 237, 238, 239, 240, 241, 242, 245, 246, 247, 248, 249, 250, 251, 252, 253, 254, 255, 256, 257, 258, 259, 260], "summary": {"covered_lines": 58, "num_statements": 58, "percent_covered": 100.0, "percent_covered_display": "100", "missing_lines": 0, "excluded_lines": 0}, "missing_lines": [], "excluded_lines": []}}, "classes": {"CalculatorRequest": {"executed_lines": [59, 60, 62], "summary": {"covered_lines": 3, "num_statements": 4, "percent_covered": 75.0, "percent_covered_display": "75", "missing_lines": 1, "excluded_lines": 0}, "missing_lines": [61], "excluded_lines": []}, "YearlyBreakdown": {"executed_lines": [], "summary": {"covered_lines": 0, "num_statements": 0, "percent_covered": 100.0, "percent_covered_display": "100", "missing_lines": 0, "excluded_lines": 0}, "missing_lines": [], "excluded_lines": []}, "CalculatorResponse": {"executed_lines": [], "summary": {"covered_lines": 0, "num_statements": 0, "percent_covered": 100.0, "percent_covered_display": "100", "missing_lines": 0, "excluded_lines": 0}, "missing_lines": [], "excluded_lines": []}, "ValidationError": {"executed_lines": [], "summary": {"covered_lines": 0, "num_statements": 0, "percent_covered": 100.0, "percent_covered_display": "100", "missing_lines": 0, "excluded_lines": 0}, "missing_lines": [], "excluded_lines": []}, "APIError": {"executed_lines": [], "summary": {"covered_lines": 0, "num_statements": 0, "percent_covered": 100.0, "percent_covered_display": "100", "missing_lines": 0, "excluded_lines": 0}, "missing_lines": [], "excluded_lines": []}, "HealthResponse": {"executed_lines": [], "summary": {"covered_lines": 0, "num_statements": 0, "percent_covered": 100.0, "percent_covered_display": "100", "missing_lines": 0, "excluded_lines": 0}, "missing_lines": [], "excluded_lines": []}, "LimitsResponse": {"executed_lines": [], "summary": {"covered_lines": 0, "num_statements": 0, "percent_covered": 100.0, "percent_covered_display": "100", "missing_lines": 0, "excluded_lines": 0}, "missing_lines": [], "excluded_lines": []}, "": {"executed_lines": [1, 6, 7, 8, 11, 12, 17, 25, 33, 41, 49, 56, 57, 64, 105, 106, 111, 117, 123, 129, 135, 141, 149, 150, 155, 161, 167, 173, 179, 184, 191, 220, 221, 222, 223, 224, 225, 228, 229, 230, 231, 232, 233, 236, 237, 238, 239, 240, 241, 242, 245, 246, 247, 248, 249, 250, 251, 252, 253, 254, 255, 256, 257, 258, 259, 260], "summary": {"covered_lines": 58, "num_statements": 58, "percent_covered": 100.0, "percent_covered_display": "100", "missing_lines": 0, "excluded_lines": 0}, "missing_lines": [], "excluded_lines": []}}}, "app/services/__init__.py": {"executed_lines": [1], "summary": {"covered_lines": 0, "num_statements": 0, "percent_covered": 100.0, "percent_covered_display": "100", "missing_lines": 0, "excluded_lines": 0}, "missing_lines": [], "excluded_lines": [], "functions": {"": {"executed_lines": [], "summary": {"covered_lines": 0, "num_statements": 0, "percent_covered": 100.0, "percent_covered_display": "100", "missing_lines": 0, "excluded_lines": 0}, "missing_lines": [], "excluded_lines": []}}, "classes": {"": {"executed_lines": [], "summary": {"covered_lines": 0, "num_statements": 0, "percent_covered": 100.0, "percent_covered_display": "100", "missing_lines": 0, "excluded_lines": 0}, "missing_lines": [], "excluded_lines": []}}}, "app/services/calculator_service.py": {"executed_lines": [1, 6, 7, 8, 10, 13, 14, 16, 17, 28, 29, 30, 31, 34, 35, 36, 37, 38, 39, 40, 41, 43, 44, 45, 48, 49, 50, 52, 53, 54, 55, 58, 60, 61, 62, 63, 66, 67, 68, 71, 78, 79, 84, 94, 95, 98, 99, 103, 112, 113], "summary": {"covered_lines": 48, "num_statements": 72, "percent_covered": 66.66666666666667, "percent_covered_display": "67", "missing_lines": 24, "excluded_lines": 0}, "missing_lines": [72, 73, 74, 75, 81, 101, 123, 125, 126, 128, 129, 131, 132, 134, 135, 137, 138, 140, 141, 143, 144, 146, 147, 149], "excluded_lines": [], "functions": {"CalculatorService.calculate_compound_interest": {"executed_lines": [28, 29, 30, 31, 34, 35, 36, 37, 38, 39, 40, 41, 43, 44, 45, 48, 49, 50, 52, 53, 54, 55, 58, 60, 61, 62, 63, 66, 67, 68, 71, 78, 79, 84, 94, 95, 98, 99, 103], "summary": {"covered_lines": 39, "num_statements": 45, "percent_covered": 86.66666666666667, "percent_covered_display": "87", "missing_lines": 6, "excluded_lines": 0}, "missing_lines": [72, 73, 74, 75, 81, 101], "excluded_lines": []}, "CalculatorService.validate_request": {"executed_lines": [], "summary": {"covered_lines": 0, "num_statements": 18, "percent_covered": 0.0, "percent_covered_display": "0", "missing_lines": 18, "excluded_lines": 0}, "missing_lines": [123, 125, 126, 128, 129, 131, 132, 134, 135, 137, 138, 140, 141, 143, 144, 146, 147, 149], "excluded_lines": []}, "": {"executed_lines": [1, 6, 7, 8, 10, 13, 14, 16, 17, 112, 113], "summary": {"covered_lines": 9, "num_statements": 9, "percent_covered": 100.0, "percent_covered_display": "100", "missing_lines": 0, "excluded_lines": 0}, "missing_lines": [], "excluded_lines": []}}, "classes": {"CalculatorService": {"executed_lines": [28, 29, 30, 31, 34, 35, 36, 37, 38, 39, 40, 41, 43, 44, 45, 48, 49, 50, 52, 53, 54, 55, 58, 60, 61, 62, 63, 66, 67, 68, 71, 78, 79, 84, 94, 95, 98, 99, 103], "summary": {"covered_lines": 39, "num_statements": 63, "percent_covered": 61.904761904761905, "percent_covered_display": "62", "missing_lines": 24, "excluded_lines": 0}, "missing_lines": [72, 73, 74, 75, 81, 101, 123, 125, 126, 128, 129, 131, 132, 134, 135, 137, 138, 140, 141, 143, 144, 146, 147, 149], "excluded_lines": []}, "": {"executed_lines": [1, 6, 7, 8, 10, 13, 14, 16, 17, 112, 113], "summary": {"covered_lines": 9, "num_statements": 9, "percent_covered": 100.0, "percent_covered_display": "100", "missing_lines": 0, "excluded_lines": 0}, "missing_lines": [], "excluded_lines": []}}}, "app/services/export_service.py": {"executed_lines": [1, 6, 7, 8, 9, 10, 12, 13, 14, 15, 16, 17, 18, 19, 21, 24, 25, 27, 28, 29, 37, 41, 45, 51, 109, 118, 163, 215, 320], "summary": {"covered_lines": 27, "num_statements": 129, "percent_covered": 20.930232558139537, "percent_covered_display": "21", "missing_lines": 102, "excluded_lines": 0}, "missing_lines": [39, 43, 47, 48, 49, 54, 56, 57, 58, 59, 60, 63, 64, 65, 66, 67, 69, 85, 86, 88, 89, 98, 107, 111, 116, 124, 125, 128, 129, 132, 133, 134, 136, 139, 140, 141, 142, 143, 146, 147, 149, 151, 160, 161, 169, 170, 173, 175, 177, 181, 184, 185, 186, 189, 198, 199, 201, 202, 204, 212, 213, 221, 222, 225, 226, 227, 230, 231, 232, 235, 239, 240, 243, 244, 245, 247, 248, 249, 251, 252, 263, 264, 267, 268, 269, 270, 272, 273, 274, 276, 277, 289, 290, 293, 298, 299, 302, 303, 305, 307, 315, 316], "excluded_lines": [], "functions": {"ExportService.__init__": {"executed_lines": [28, 29], "summary": {"covered_lines": 2, "num_statements": 2, "percent_covered": 100.0, "percent_covered_display": "100", "missing_lines": 0, "excluded_lines": 0}, "missing_lines": [], "excluded_lines": []}, "ExportService.format_currency": {"executed_lines": [], "summary": {"covered_lines": 0, "num_statements": 1, "percent_covered": 0.0, "percent_covered_display": "0", "missing_lines": 1, "excluded_lines": 0}, "missing_lines": [39], "excluded_lines": []}, "ExportService.format_percentage": {"executed_lines": [], "summary": {"covered_lines": 0, "num_statements": 1, "percent_covered": 0.0, "percent_covered_display": "0", "missing_lines": 1, "excluded_lines": 0}, "missing_lines": [43], "excluded_lines": []}, "ExportService.generate_filename": {"executed_lines": [], "summary": {"covered_lines": 0, "num_statements": 3, "percent_covered": 0.0, "percent_covered_display": "0", "missing_lines": 3, "excluded_lines": 0}, "missing_lines": [47, 48, 49], "excluded_lines": []}, "ExportService.prepare_export_data": {"executed_lines": [], "summary": {"covered_lines": 0, "num_statements": 18, "percent_covered": 0.0, "percent_covered_display": "0", "missing_lines": 18, "excluded_lines": 0}, "missing_lines": [54, 56, 57, 58, 59, 60, 63, 64, 65, 66, 67, 69, 85, 86, 88, 89, 98, 107], "excluded_lines": []}, "ExportService._format_compound_frequency": {"executed_lines": [], "summary": {"covered_lines": 0, "num_statements": 2, "percent_covered": 0.0, "percent_covered_display": "0", "missing_lines": 2, "excluded_lines": 0}, "missing_lines": [111, 116], "excluded_lines": []}, "ExportService.export_to_csv": {"executed_lines": [], "summary": {"covered_lines": 0, "num_statements": 19, "percent_covered": 0.0, "percent_covered_display": "0", "missing_lines": 19, "excluded_lines": 0}, "missing_lines": [124, 125, 128, 129, 132, 133, 134, 136, 139, 140, 141, 142, 143, 146, 147, 149, 151, 160, 161], "excluded_lines": []}, "ExportService.export_to_excel": {"executed_lines": [], "summary": {"covered_lines": 0, "num_statements": 17, "percent_covered": 0.0, "percent_covered_display": "0", "missing_lines": 17, "excluded_lines": 0}, "missing_lines": [169, 170, 173, 175, 177, 181, 184, 185, 186, 189, 198, 199, 201, 202, 204, 212, 213], "excluded_lines": []}, "ExportService.export_to_pdf": {"executed_lines": [], "summary": {"covered_lines": 0, "num_statements": 41, "percent_covered": 0.0, "percent_covered_display": "0", "missing_lines": 41, "excluded_lines": 0}, "missing_lines": [221, 222, 225, 226, 227, 230, 231, 232, 235, 239, 240, 243, 244, 245, 247, 248, 249, 251, 252, 263, 264, 267, 268, 269, 270, 272, 273, 274, 276, 277, 289, 290, 293, 298, 299, 302, 303, 305, 307, 315, 316], "excluded_lines": []}, "": {"executed_lines": [1, 6, 7, 8, 9, 10, 12, 13, 14, 15, 16, 17, 18, 19, 21, 24, 25, 27, 37, 41, 45, 51, 109, 118, 163, 215, 320], "summary": {"covered_lines": 25, "num_statements": 25, "percent_covered": 100.0, "percent_covered_display": "100", "missing_lines": 0, "excluded_lines": 0}, "missing_lines": [], "excluded_lines": []}}, "classes": {"ExportService": {"executed_lines": [28, 29], "summary": {"covered_lines": 2, "num_statements": 104, "percent_covered": 1.9230769230769231, "percent_covered_display": "2", "missing_lines": 102, "excluded_lines": 0}, "missing_lines": [39, 43, 47, 48, 49, 54, 56, 57, 58, 59, 60, 63, 64, 65, 66, 67, 69, 85, 86, 88, 89, 98, 107, 111, 116, 124, 125, 128, 129, 132, 133, 134, 136, 139, 140, 141, 142, 143, 146, 147, 149, 151, 160, 161, 169, 170, 173, 175, 177, 181, 184, 185, 186, 189, 198, 199, 201, 202, 204, 212, 213, 221, 222, 225, 226, 227, 230, 231, 232, 235, 239, 240, 243, 244, 245, 247, 248, 249, 251, 252, 263, 264, 267, 268, 269, 270, 272, 273, 274, 276, 277, 289, 290, 293, 298, 299, 302, 303, 305, 307, 315, 316], "excluded_lines": []}, "": {"executed_lines": [1, 6, 7, 8, 9, 10, 12, 13, 14, 15, 16, 17, 18, 19, 21, 24, 25, 27, 37, 41, 45, 51, 109, 118, 163, 215, 320], "summary": {"covered_lines": 25, "num_statements": 25, "percent_covered": 100.0, "percent_covered_display": "100", "missing_lines": 0, "excluded_lines": 0}, "missing_lines": [], "excluded_lines": []}}}}, "totals": {"covered_lines": 1166, "num_statements": 1892, "percent_covered": 61.627906976744185, "percent_covered_display": "62", "missing_lines": 726, "excluded_lines": 0}}